2020-12-12T06:29:52-04:00 ERR (3): exception 'Zend_Controller_Dispatcher_Exception' with message 'Invalid controller specified (images)' in /var/www/test/Encomiendas/library/Zend/Controller/Dispatcher/Standard.php:242
Stack trace:
#0 /var/www/test/Encomiendas/library/Zend/Controller/Front.php(954): Zend_Controller_Dispatcher_Standard->dispatch(Object(Zend_Controller_Request_Http), Object(Zend_Controller_Response_Http))
#1 /var/www/test/Encomiendas/library/Zend/Application/Bootstrap/Bootstrap.php(97): Zend_Controller_Front->dispatch()
#2 /var/www/test/Encomiendas/library/Zend/Application.php(366): Zend_Application_Bootstrap_Bootstrap->run()
#3 /var/www/test/Encomiendas/public/index.php(26): Zend_Application->run()
#4 {main}
2020-12-12T06:29:58-04:00 ERR (3): cliente select SELECT "cl"."nombre", "cl"."nit", "cl"."tipo" FROM "cliente" AS "cl" ORDER BY "nombre" ASC
2020-12-12T06:41:02-04:00 ERR (3): cliente select SELECT "cl"."nombre", "cl"."nit", "cl"."tipo" FROM "cliente" AS "cl" ORDER BY "nombre" ASC
2020-12-12T06:41:45-04:00 ERR (3): cliente select SELECT "cl"."nombre", "cl"."nit", "cl"."tipo" FROM "cliente" AS "cl" ORDER BY "nombre" ASC
2020-12-12T06:42:27-04:00 ERR (3): cliente select SELECT "cl"."nombre", "cl"."nit", "cl"."tipo" FROM "cliente" AS "cl" ORDER BY "nombre" ASC
2020-12-12T06:43:05-04:00 ERR (3): cliente select SELECT "cl"."nombre", "cl"."nit", "cl"."tipo" FROM "cliente" AS "cl" ORDER BY "nombre" ASC
2020-12-12T06:49:20-04:00 ERR (3): cliente select SELECT "cl"."nombre", "cl"."nit", "cl"."tipo" FROM "cliente" AS "cl" ORDER BY "nombre" ASC
2020-12-12T06:49:47-04:00 ERR (3): cliente select SELECT "cl"."nombre", "cl"."nit", "cl"."tipo" FROM "cliente" AS "cl" ORDER BY "nombre" ASC
2020-12-12T06:50:33-04:00 ERR (3): exception 'Zend_Controller_Dispatcher_Exception' with message 'Invalid controller specified (images)' in /var/www/test/Encomiendas/library/Zend/Controller/Dispatcher/Standard.php:242
Stack trace:
#0 /var/www/test/Encomiendas/library/Zend/Controller/Front.php(954): Zend_Controller_Dispatcher_Standard->dispatch(Object(Zend_Controller_Request_Http), Object(Zend_Controller_Response_Http))
#1 /var/www/test/Encomiendas/library/Zend/Application/Bootstrap/Bootstrap.php(97): Zend_Controller_Front->dispatch()
#2 /var/www/test/Encomiendas/library/Zend/Application.php(366): Zend_Application_Bootstrap_Bootstrap->run()
#3 /var/www/test/Encomiendas/public/index.php(26): Zend_Application->run()
#4 {main}
2020-12-12T06:50:38-04:00 ERR (3): cliente select SELECT "cl"."nombre", "cl"."nit", "cl"."tipo" FROM "cliente" AS "cl" ORDER BY "nombre" ASC
2020-12-12T06:50:58-04:00 ERR (3): cliente select SELECT "cl"."nombre", "cl"."nit", "cl"."tipo" FROM "cliente" AS "cl" ORDER BY "nombre" ASC
2020-12-12T06:51:15-04:00 ERR (3): cliente select SELECT "cl"."nombre", "cl"."nit", "cl"."tipo" FROM "cliente" AS "cl" ORDER BY "nombre" ASC
2020-12-12T06:51:36-04:00 ERR (3): cliente select SELECT "cl"."nombre", "cl"."nit", "cl"."tipo" FROM "cliente" AS "cl" ORDER BY "nombre" ASC
2020-12-12T06:55:47-04:00 ERR (3): cliente select SELECT "cl"."nombre", "cl"."nit", "cl"."tipo" FROM "cliente" AS "cl" ORDER BY "nombre" ASC
2020-12-12T06:56:13-04:00 ERR (3): cliente select SELECT "cl"."nombre", "cl"."nit", "cl"."tipo" FROM "cliente" AS "cl" WHERE (cl.nit like '151515%') ORDER BY "nombre" ASC
2020-12-12T07:12:21-04:00 ERR (3): cliente select SELECT "cl"."nombre", "cl"."nit", "cl"."tipo", "cl"."deuda" FROM "cliente" AS "cl" ORDER BY "nombre" ASC
2020-12-12T07:12:35-04:00 ERR (3): exception 'Zend_Controller_Dispatcher_Exception' with message 'Invalid controller specified (images)' in /var/www/test/Encomiendas/library/Zend/Controller/Dispatcher/Standard.php:242
Stack trace:
#0 /var/www/test/Encomiendas/library/Zend/Controller/Front.php(954): Zend_Controller_Dispatcher_Standard->dispatch(Object(Zend_Controller_Request_Http), Object(Zend_Controller_Response_Http))
#1 /var/www/test/Encomiendas/library/Zend/Application/Bootstrap/Bootstrap.php(97): Zend_Controller_Front->dispatch()
#2 /var/www/test/Encomiendas/library/Zend/Application.php(366): Zend_Application_Bootstrap_Bootstrap->run()
#3 /var/www/test/Encomiendas/public/index.php(26): Zend_Application->run()
#4 {main}
2020-12-12T07:15:07-04:00 ERR (3): cliente select SELECT "cl"."nombre", "cl"."nit", "cl"."tipo", "cl"."deuda" FROM "cliente" AS "cl" ORDER BY "nombre" ASC
2020-12-12T07:15:21-04:00 ERR (3): exception 'Zend_Controller_Dispatcher_Exception' with message 'Invalid controller specified (images)' in /var/www/test/Encomiendas/library/Zend/Controller/Dispatcher/Standard.php:242
Stack trace:
#0 /var/www/test/Encomiendas/library/Zend/Controller/Front.php(954): Zend_Controller_Dispatcher_Standard->dispatch(Object(Zend_Controller_Request_Http), Object(Zend_Controller_Response_Http))
#1 /var/www/test/Encomiendas/library/Zend/Application/Bootstrap/Bootstrap.php(97): Zend_Controller_Front->dispatch()
#2 /var/www/test/Encomiendas/library/Zend/Application.php(366): Zend_Application_Bootstrap_Bootstrap->run()
#3 /var/www/test/Encomiendas/public/index.php(26): Zend_Application->run()
#4 {main}
2020-12-12T07:18:48-04:00 ERR (3): cliente select SELECT "cl"."nombre", "cl"."nit", "cl"."tipo", "cl"."deuda" FROM "cliente" AS "cl" ORDER BY "nombre" ASC
2020-12-12T07:21:00-04:00 ERR (3): cliente select SELECT "cl"."nombre", "cl"."nit", "cl"."tipo", "cl"."deuda" FROM "cliente" AS "cl" ORDER BY "nombre" ASC
2020-12-12T07:23:33-04:00 ERR (3): cliente select SELECT "cl"."nombre", "cl"."nit", "cl"."tipo", "cl"."deuda" FROM "cliente" AS "cl" WHERE (cl.tipo = 'Corporativo') ORDER BY "nombre" ASC
2020-12-12T07:33:47-04:00 ERR (3): cliente select SELECT "cl"."id" AS "id_cliente", "cl"."nombre", "cl"."nit", "cl"."tipo", "cl"."deuda" FROM "cliente" AS "cl" WHERE (cl.tipo = 'Corporativo') ORDER BY "nombre" ASC
2020-12-12T07:33:47-04:00 ERR (3): exception 'PDOException' with message 'SQLSTATE[42703]: Undefined column: 7 ERROR:  column cl.id does not exist
LINE 1: SELECT "cl"."id" AS "id_cliente", "cl"."nombre", "cl"."nit",...
               ^' in /var/www/test/Encomiendas/library/Zend/Db/Statement/Pdo.php:228
Stack trace:
#0 /var/www/test/Encomiendas/library/Zend/Db/Statement/Pdo.php(228): PDOStatement->execute(Array)
#1 /var/www/test/Encomiendas/library/Zend/Db/Statement.php(300): Zend_Db_Statement_Pdo->_execute(Array)
#2 /var/www/test/Encomiendas/library/Zend/Db/Adapter/Abstract.php(468): Zend_Db_Statement->execute(Array)
#3 /var/www/test/Encomiendas/library/Zend/Db/Adapter/Pdo/Abstract.php(238): Zend_Db_Adapter_Abstract->query(Object(Zend_Db_Select), Array)
#4 /var/www/test/Encomiendas/library/Zend/Db/Adapter/Abstract.php(706): Zend_Db_Adapter_Pdo_Abstract->query(Object(Zend_Db_Select), Array)
#5 /var/www/test/Encomiendas/application/models/Cliente.php(127): Zend_Db_Adapter_Abstract->fetchAll(Object(Zend_Db_Select))
#6 /var/www/test/Encomiendas/application/controllers/RecepcionController.php(1531): App_Model_Cliente->searchBy('', '', 'Corporativo')
#7 /var/www/test/Encomiendas/library/Zend/Controller/Action.php(513): RecepcionController->searchClientsByAction()
#8 /var/www/test/Encomiendas/library/Zend/Controller/Dispatcher/Standard.php(289): Zend_Controller_Action->dispatch('searchClientsBy...')
#9 /var/www/test/Encomiendas/library/Zend/Controller/Front.php(954): Zend_Controller_Dispatcher_Standard->dispatch(Object(Zend_Controller_Request_Http), Object(Zend_Controller_Response_Http))
#10 /var/www/test/Encomiendas/library/Zend/Application/Bootstrap/Bootstrap.php(97): Zend_Controller_Front->dispatch()
#11 /var/www/test/Encomiendas/library/Zend/Application.php(366): Zend_Application_Bootstrap_Bootstrap->run()
#12 /var/www/test/Encomiendas/public/index.php(26): Zend_Application->run()
#13 {main}

Next exception 'Zend_Db_Statement_Exception' with message 'SQLSTATE[42703]: Undefined column: 7 ERROR:  column cl.id does not exist
LINE 1: SELECT "cl"."id" AS "id_cliente", "cl"."nombre", "cl"."nit",...
               ^' in /var/www/test/Encomiendas/library/Zend/Db/Statement/Pdo.php:234
Stack trace:
#0 /var/www/test/Encomiendas/library/Zend/Db/Statement.php(300): Zend_Db_Statement_Pdo->_execute(Array)
#1 /var/www/test/Encomiendas/library/Zend/Db/Adapter/Abstract.php(468): Zend_Db_Statement->execute(Array)
#2 /var/www/test/Encomiendas/library/Zend/Db/Adapter/Pdo/Abstract.php(238): Zend_Db_Adapter_Abstract->query(Object(Zend_Db_Select), Array)
#3 /var/www/test/Encomiendas/library/Zend/Db/Adapter/Abstract.php(706): Zend_Db_Adapter_Pdo_Abstract->query(Object(Zend_Db_Select), Array)
#4 /var/www/test/Encomiendas/application/models/Cliente.php(127): Zend_Db_Adapter_Abstract->fetchAll(Object(Zend_Db_Select))
#5 /var/www/test/Encomiendas/application/controllers/RecepcionController.php(1531): App_Model_Cliente->searchBy('', '', 'Corporativo')
#6 /var/www/test/Encomiendas/library/Zend/Controller/Action.php(513): RecepcionController->searchClientsByAction()
#7 /var/www/test/Encomiendas/library/Zend/Controller/Dispatcher/Standard.php(289): Zend_Controller_Action->dispatch('searchClientsBy...')
#8 /var/www/test/Encomiendas/library/Zend/Controller/Front.php(954): Zend_Controller_Dispatcher_Standard->dispatch(Object(Zend_Controller_Request_Http), Object(Zend_Controller_Response_Http))
#9 /var/www/test/Encomiendas/library/Zend/Application/Bootstrap/Bootstrap.php(97): Zend_Controller_Front->dispatch()
#10 /var/www/test/Encomiendas/library/Zend/Application.php(366): Zend_Application_Bootstrap_Bootstrap->run()
#11 /var/www/test/Encomiendas/public/index.php(26): Zend_Application->run()
#12 {main}
2020-12-12T07:34:14-04:00 ERR (3): cliente select SELECT "cl"."id" AS "id_cliente", "cl"."nombre", "cl"."nit", "cl"."tipo", "cl"."deuda" FROM "cliente" AS "cl" WHERE (cl.tipo = 'Corporativo') ORDER BY "nombre" ASC
2020-12-12T07:34:14-04:00 ERR (3): exception 'PDOException' with message 'SQLSTATE[42703]: Undefined column: 7 ERROR:  column cl.id does not exist
LINE 1: SELECT "cl"."id" AS "id_cliente", "cl"."nombre", "cl"."nit",...
               ^' in /var/www/test/Encomiendas/library/Zend/Db/Statement/Pdo.php:228
Stack trace:
#0 /var/www/test/Encomiendas/library/Zend/Db/Statement/Pdo.php(228): PDOStatement->execute(Array)
#1 /var/www/test/Encomiendas/library/Zend/Db/Statement.php(300): Zend_Db_Statement_Pdo->_execute(Array)
#2 /var/www/test/Encomiendas/library/Zend/Db/Adapter/Abstract.php(468): Zend_Db_Statement->execute(Array)
#3 /var/www/test/Encomiendas/library/Zend/Db/Adapter/Pdo/Abstract.php(238): Zend_Db_Adapter_Abstract->query(Object(Zend_Db_Select), Array)
#4 /var/www/test/Encomiendas/library/Zend/Db/Adapter/Abstract.php(706): Zend_Db_Adapter_Pdo_Abstract->query(Object(Zend_Db_Select), Array)
#5 /var/www/test/Encomiendas/application/models/Cliente.php(127): Zend_Db_Adapter_Abstract->fetchAll(Object(Zend_Db_Select))
#6 /var/www/test/Encomiendas/application/controllers/RecepcionController.php(1531): App_Model_Cliente->searchBy('', '', 'Corporativo')
#7 /var/www/test/Encomiendas/library/Zend/Controller/Action.php(513): RecepcionController->searchClientsByAction()
#8 /var/www/test/Encomiendas/library/Zend/Controller/Dispatcher/Standard.php(289): Zend_Controller_Action->dispatch('searchClientsBy...')
#9 /var/www/test/Encomiendas/library/Zend/Controller/Front.php(954): Zend_Controller_Dispatcher_Standard->dispatch(Object(Zend_Controller_Request_Http), Object(Zend_Controller_Response_Http))
#10 /var/www/test/Encomiendas/library/Zend/Application/Bootstrap/Bootstrap.php(97): Zend_Controller_Front->dispatch()
#11 /var/www/test/Encomiendas/library/Zend/Application.php(366): Zend_Application_Bootstrap_Bootstrap->run()
#12 /var/www/test/Encomiendas/public/index.php(26): Zend_Application->run()
#13 {main}

Next exception 'Zend_Db_Statement_Exception' with message 'SQLSTATE[42703]: Undefined column: 7 ERROR:  column cl.id does not exist
LINE 1: SELECT "cl"."id" AS "id_cliente", "cl"."nombre", "cl"."nit",...
               ^' in /var/www/test/Encomiendas/library/Zend/Db/Statement/Pdo.php:234
Stack trace:
#0 /var/www/test/Encomiendas/library/Zend/Db/Statement.php(300): Zend_Db_Statement_Pdo->_execute(Array)
#1 /var/www/test/Encomiendas/library/Zend/Db/Adapter/Abstract.php(468): Zend_Db_Statement->execute(Array)
#2 /var/www/test/Encomiendas/library/Zend/Db/Adapter/Pdo/Abstract.php(238): Zend_Db_Adapter_Abstract->query(Object(Zend_Db_Select), Array)
#3 /var/www/test/Encomiendas/library/Zend/Db/Adapter/Abstract.php(706): Zend_Db_Adapter_Pdo_Abstract->query(Object(Zend_Db_Select), Array)
#4 /var/www/test/Encomiendas/application/models/Cliente.php(127): Zend_Db_Adapter_Abstract->fetchAll(Object(Zend_Db_Select))
#5 /var/www/test/Encomiendas/application/controllers/RecepcionController.php(1531): App_Model_Cliente->searchBy('', '', 'Corporativo')
#6 /var/www/test/Encomiendas/library/Zend/Controller/Action.php(513): RecepcionController->searchClientsByAction()
#7 /var/www/test/Encomiendas/library/Zend/Controller/Dispatcher/Standard.php(289): Zend_Controller_Action->dispatch('searchClientsBy...')
#8 /var/www/test/Encomiendas/library/Zend/Controller/Front.php(954): Zend_Controller_Dispatcher_Standard->dispatch(Object(Zend_Controller_Request_Http), Object(Zend_Controller_Response_Http))
#9 /var/www/test/Encomiendas/library/Zend/Application/Bootstrap/Bootstrap.php(97): Zend_Controller_Front->dispatch()
#10 /var/www/test/Encomiendas/library/Zend/Application.php(366): Zend_Application_Bootstrap_Bootstrap->run()
#11 /var/www/test/Encomiendas/public/index.php(26): Zend_Application->run()
#12 {main}
2020-12-12T07:38:06-04:00 ERR (3): cliente select SELECT "cl"."id_cliente" AS "id", "cl"."nombre", "cl"."nit", "cl"."tipo", "cl"."deuda" FROM "cliente" AS "cl" WHERE (cl.tipo = 'Corporativo') ORDER BY "nombre" ASC
2020-12-12T07:38:50-04:00 ERR (3): cliente select SELECT "cl"."id_cliente" AS "id", "cl"."nombre", "cl"."nit", "cl"."tipo", "cl"."deuda" FROM "cliente" AS "cl" ORDER BY "nombre" ASC
2020-12-12T07:39:25-04:00 ERR (3): cliente select SELECT "cl"."id_cliente" AS "id", "cl"."nombre", "cl"."nit", "cl"."tipo", "cl"."deuda" FROM "cliente" AS "cl" WHERE (cl.tipo = 'Corporativo') ORDER BY "nombre" ASC
2020-12-12T07:47:49-04:00 ERR (3): cliente select SELECT "cl"."id_cliente" AS "id", "cl"."nombre", "cl"."nit", "cl"."tipo", "cl"."deuda" FROM "cliente" AS "cl" WHERE (cl.nit like '4525252555%') AND (cl.tipo = 'Corporativo') ORDER BY "nombre" ASC
2020-12-12T07:48:57-04:00 ERR (3): cliente select SELECT "cl"."id_cliente" AS "id", "cl"."nombre", "cl"."nit", "cl"."tipo", "cl"."deuda" FROM "cliente" AS "cl" WHERE (cl.nit like '4525252555%') AND (cl.tipo = 'Corporativo') ORDER BY "nombre" ASC
2020-12-12T07:50:13-04:00 ERR (3): cliente select SELECT "cl"."id_cliente" AS "id", "cl"."nombre", "cl"."nit", "cl"."tipo", "cl"."deuda" FROM "cliente" AS "cl" WHERE (cl.nit like '4525252555%') AND (cl.tipo = 'Corporativo') ORDER BY "nombre" ASC
2020-12-12T07:52:07-04:00 ERR (3): cliente select SELECT "cl"."id_cliente" AS "id", "cl"."nombre", "cl"."nit", "cl"."tipo", "cl"."deuda" FROM "cliente" AS "cl" ORDER BY "nombre" ASC
2020-12-12T07:53:25-04:00 ERR (3): cliente select SELECT "cl"."id_cliente" AS "id", "cl"."nombre", "cl"."nit", "cl"."tipo", "cl"."deuda" FROM "cliente" AS "cl" WHERE (cl.tipo = 'Corporativo') ORDER BY "nombre" ASC
2020-12-12T07:59:34-04:00 ERR (3): cliente select SELECT "cl"."id_cliente" AS "id", "cl"."nombre", "cl"."nit", "cl"."tipo", "cl"."deuda" FROM "cliente" AS "cl" WHERE (cl.nit like '4525252555%') AND (cl.tipo = 'Corporativo') ORDER BY "nombre" ASC
2020-12-12T07:59:54-04:00 ERR (3): cliente select SELECT "cl"."id_cliente" AS "id", "cl"."nombre", "cl"."nit", "cl"."tipo", "cl"."deuda" FROM "cliente" AS "cl" WHERE (cl.nit like '4525252555%') AND (cl.tipo = 'Corporativo') ORDER BY "nombre" ASC
2020-12-12T07:59:59-04:00 ERR (3): cliente select SELECT "cl"."id_cliente" AS "id", "cl"."nombre", "cl"."nit", "cl"."tipo", "cl"."deuda" FROM "cliente" AS "cl" WHERE (cl.nit like '4525252555%') ORDER BY "nombre" ASC
2020-12-12T08:00:06-04:00 ERR (3): cliente select SELECT "cl"."id_cliente" AS "id", "cl"."nombre", "cl"."nit", "cl"."tipo", "cl"."deuda" FROM "cliente" AS "cl" WHERE (cl.nit like '4525252555%') AND (cl.tipo = 'Corporativo') ORDER BY "nombre" ASC
2020-12-12T08:00:16-04:00 ERR (3): cliente select SELECT "cl"."id_cliente" AS "id", "cl"."nombre", "cl"."nit", "cl"."tipo", "cl"."deuda" FROM "cliente" AS "cl" WHERE (cl.nit like '4525252555%') AND (cl.tipo = 'Corporativo') ORDER BY "nombre" ASC
2020-12-12T08:01:39-04:00 ERR (3): cliente select SELECT "cl"."id_cliente" AS "id", "cl"."nombre", "cl"."nit", "cl"."tipo", "cl"."deuda" FROM "cliente" AS "cl" WHERE (cl.nit like '4525252555%') ORDER BY "nombre" ASC
2020-12-12T08:06:24-04:00 ERR (3): cliente select SELECT "cl"."id_cliente" AS "id", "cl"."nombre", "cl"."nit", "cl"."tipo", "cl"."deuda" FROM "cliente" AS "cl" ORDER BY "nombre" ASC
2020-12-12T08:07:05-04:00 ERR (3): cliente select SELECT "cl"."id_cliente" AS "id", "cl"."nombre", "cl"."nit", "cl"."tipo", "cl"."deuda" FROM "cliente" AS "cl" WHERE (cl.tipo = 'Corporativo') ORDER BY "nombre" ASC
2020-12-12T08:08:35-04:00 ERR (3): cliente select SELECT "cl"."id_cliente" AS "id", "cl"."nombre", "cl"."nit", "cl"."tipo", "cl"."deuda" FROM "cliente" AS "cl" ORDER BY "nombre" ASC
2020-12-12T08:09:27-04:00 ERR (3): cliente select SELECT "cl"."id_cliente" AS "id", "cl"."nombre", "cl"."nit", "cl"."tipo", "cl"."deuda" FROM "cliente" AS "cl" ORDER BY "nombre" ASC LIMIT 20
2020-12-12T08:09:37-04:00 ERR (3): cliente select SELECT "cl"."id_cliente" AS "id", "cl"."nombre", "cl"."nit", "cl"."tipo", "cl"."deuda" FROM "cliente" AS "cl" WHERE (cl.tipo = 'Corporativo') ORDER BY "nombre" ASC LIMIT 20
2020-12-12T08:13:02-04:00 ERR (3): cliente select SELECT "cl"."id_cliente" AS "id", "cl"."nombre", "cl"."nit", "cl"."tipo", "cl"."deuda" FROM "cliente" AS "cl" ORDER BY "nombre" ASC LIMIT 20
2020-12-12T08:21:12-04:00 ERR (3): cliente select SELECT "cl"."id_cliente" AS "id", "cl"."nombre", "cl"."nit", "cl"."tipo", "cl"."deuda" FROM "cliente" AS "cl" ORDER BY "nombre" ASC LIMIT 20
2020-12-12T08:22:01-04:00 ERR (3): cliente select SELECT "cl"."id_cliente" AS "id", "cl"."nombre", "cl"."nit", "cl"."tipo", "cl"."deuda" FROM "cliente" AS "cl" WHERE (cl.tipo = 'Corporativo') ORDER BY "nombre" ASC LIMIT 20
2020-12-12T08:22:37-04:00 ERR (3): cliente select SELECT "cl"."id_cliente" AS "id", "cl"."nombre", "cl"."nit", "cl"."tipo", "cl"."deuda" FROM "cliente" AS "cl" ORDER BY "nombre" ASC LIMIT 20
