2020-12-13T07:01:41-04:00 ERR (3): exception 'Zend_Controller_Dispatcher_Exception' with message 'Invalid controller specified (images)' in /var/www/test/Encomiendas/library/Zend/Controller/Dispatcher/Standard.php:242
Stack trace:
#0 /var/www/test/Encomiendas/library/Zend/Controller/Front.php(954): Zend_Controller_Dispatcher_Standard->dispatch(Object(Zend_Controller_Request_Http), Object(Zend_Controller_Response_Http))
#1 /var/www/test/Encomiendas/library/Zend/Application/Bootstrap/Bootstrap.php(97): Zend_Controller_Front->dispatch()
#2 /var/www/test/Encomiendas/library/Zend/Application.php(366): Zend_Application_Bootstrap_Bootstrap->run()
#3 /var/www/test/Encomiendas/public/index.php(26): Zend_Application->run()
#4 {main}
2020-12-13T07:03:29-04:00 ERR (3): [{"nombre":"EQUIPO HOGAR BOLIVIA S.R.L.","nit":"121269021","tipo":"normal"}]
2020-12-13T07:09:36-04:00 ERR (3): [{"nombre":"ABAD MERIDA ","nit":"2522290","tipo":"normal"},{"nombre":"ALVARO PAZ ","nit":"2521674","tipo":"normal"},{"nombre":"ANDRES  SANCHEZ  AGUIRRE","nit":"2527637018","tipo":"normal"},{"nombre":"ARISTIDES VILLARROEL","nit":"252910","tipo":"normal"},{"nombre":"ASENCIO  CONDORI  ","nit":"2521778","tipo":"normal"},{"nombre":"BONIFACIO  ESPINOZA","nit":"2529316","tipo":"normal"},{"nombre":"CECILIA CLAURE RODRIGUEZ","nit":"25217201","tipo":"normal"},{"nombre":"CELSO OMAR SENZANO PE\u00f1A","nit":"2521964","tipo":"normal"},{"nombre":"CESAR DELGADILLO VARGAS","nit":"2520105","tipo":"normal"},{"nombre":"COAQUIRA ","nit":"2528439013","tipo":"normal"},{"nombre":"DARLENE RAMOS PEREZ","nit":"2523465","tipo":"normal"},{"nombre":"DENNIS RODRIGUEZ VEIZAGA","nit":"2520579","tipo":"normal"},{"nombre":"DORA  CAMACHO ","nit":"2520075","tipo":"normal"},{"nombre":"FRANCISCO VARGAS","nit":"2520198","tipo":"normal"},{"nombre":"GABY MU\u00f1OZ","nit":"2520565","tipo":"normal"},{"nombre":"GOMEZ","nit":"2525780018","tipo":"normal"},{"nombre":"GREGORIO  SUXO LOPEZ","nit":"2528192014","tipo":"normal"},{"nombre":"GUADALUPE VARGAS ","nit":"2529324","tipo":"normal"},{"nombre":"HIPOLITO AGUILAR QUIUCHACA","nit":"2523712","tipo":"normal"},{"nombre":"ISRAEL   GUACHALLA ","nit":"2521262","tipo":"normal"}]
2020-12-13T07:11:02-04:00 ERR (3): exception 'Zend_Controller_Dispatcher_Exception' with message 'Invalid controller specified (images)' in /var/www/test/Encomiendas/library/Zend/Controller/Dispatcher/Standard.php:242
Stack trace:
#0 /var/www/test/Encomiendas/library/Zend/Controller/Front.php(954): Zend_Controller_Dispatcher_Standard->dispatch(Object(Zend_Controller_Request_Http), Object(Zend_Controller_Response_Http))
#1 /var/www/test/Encomiendas/library/Zend/Application/Bootstrap/Bootstrap.php(97): Zend_Controller_Front->dispatch()
#2 /var/www/test/Encomiendas/library/Zend/Application.php(366): Zend_Application_Bootstrap_Bootstrap->run()
#3 /var/www/test/Encomiendas/public/index.php(26): Zend_Application->run()
#4 {main}
2020-12-13T07:11:18-04:00 ERR (3): [{"nombre":"AIRA LUZ A\u00f1EZ PARRAGA","nit":"12554620","tipo":"normal"},{"nombre":"ALEXANDER BURGOS","nit":"12529888","tipo":"normal"},{"nombre":"ANDRES CLAROS","nit":"12553449","tipo":"normal"},{"nombre":"ARANDIA ","nit":"1250213","tipo":"normal"},{"nombre":"ARIEL CORRALES MONTIEL","nit":"12524067","tipo":"normal"},{"nombre":"BACILIO ZAMBRANA UGARTE","nit":"12516743","tipo":"normal"},{"nombre":" CARDONA","nit":"12514674018","tipo":"normal"},{"nombre":"CARLA  MORELIA MONTERO PIZARRO","nit":"12502972","tipo":"normal"},{"nombre":"CARLOS PRADO","nit":"12586297","tipo":"normal"},{"nombre":"CEAB S.R.L.","nit":"125673022","tipo":"normal"},{"nombre":"CONSTRUCTORA  ALI SRL ","nit":"125995023","tipo":"normal"},{"nombre":"DAVID TRUJILLO FERMIN ","nit":"12556091","tipo":"normal"},{"nombre":"DEMETRIO FLORES ROCABADO","nit":"1253134","tipo":"normal"},{"nombre":"EDDY  PLACER","nit":"1254168","tipo":"normal"},{"nombre":"FELIX UYULI","nit":"1257702","tipo":"normal"},{"nombre":"FERNANDO CASTELLON ARNEZ ","nit":"12521135","tipo":"normal"},{"nombre":"GALLARDO","nit":"1258075","tipo":"normal"},{"nombre":"GAM VILLA GUALBERTO VILLARROEL ","nit":"125067020","tipo":"normal"},{"nombre":"GASTON MONTELLANO","nit":"125863010","tipo":"normal"},{"nombre":"GILBERTO FRANCISCO ROJAS LAREDO ","nit":"1259375","tipo":"normal"}]
2020-12-13T07:12:26-04:00 ERR (3): [{"nombre":"AIRA LUZ A\u00f1EZ PARRAGA","nit":"12554620","tipo":"normal"},{"nombre":"ALEXANDER BURGOS","nit":"12529888","tipo":"normal"},{"nombre":"ANDRES CLAROS","nit":"12553449","tipo":"normal"},{"nombre":"ARANDIA ","nit":"1250213","tipo":"normal"},{"nombre":"ARIEL CORRALES MONTIEL","nit":"12524067","tipo":"normal"},{"nombre":"BACILIO ZAMBRANA UGARTE","nit":"12516743","tipo":"normal"},{"nombre":" CARDONA","nit":"12514674018","tipo":"normal"},{"nombre":"CARLA  MORELIA MONTERO PIZARRO","nit":"12502972","tipo":"normal"},{"nombre":"CARLOS PRADO","nit":"12586297","tipo":"normal"},{"nombre":"CEAB S.R.L.","nit":"125673022","tipo":"normal"},{"nombre":"CONSTRUCTORA  ALI SRL ","nit":"125995023","tipo":"normal"},{"nombre":"DAVID TRUJILLO FERMIN ","nit":"12556091","tipo":"normal"},{"nombre":"DEMETRIO FLORES ROCABADO","nit":"1253134","tipo":"normal"},{"nombre":"EDDY  PLACER","nit":"1254168","tipo":"normal"},{"nombre":"FELIX UYULI","nit":"1257702","tipo":"normal"},{"nombre":"FERNANDO CASTELLON ARNEZ ","nit":"12521135","tipo":"normal"},{"nombre":"GALLARDO","nit":"1258075","tipo":"normal"},{"nombre":"GAM VILLA GUALBERTO VILLARROEL ","nit":"125067020","tipo":"normal"},{"nombre":"GASTON MONTELLANO","nit":"125863010","tipo":"normal"},{"nombre":"GILBERTO FRANCISCO ROJAS LAREDO ","nit":"1259375","tipo":"normal"}]
2020-12-13T07:14:15-04:00 INFO (6): SELECT "d"."id_datos_factura", "d"."sucursal", "d"."autorizacion", "d"."llave", "d"."inicio", "d"."numero_factura", "d"."fecha_limite", "d"."autoimpresor", "d"."estado", "d"."fin", "d"."leyenda_secundaria" FROM "datos_factura" AS "d" WHERE (llave<>'Manual') AND (fecha_limite>='2020-12-13') AND (estado='Activo') AND (sucursal='suc-103') AND (sistema='ENCOMIENDA')
2020-12-13T07:14:15-04:00 INFO (6): exception 'PDOException' with message 'SQLSTATE[P0001]: Raise exception: 7 ERROR:  No se puede emitir facturas, Ya paso la fecha limite.' in /var/www/test/Encomiendas/library/Zend/Db/Statement/Pdo.php:228
Stack trace:
#0 /var/www/test/Encomiendas/library/Zend/Db/Statement/Pdo.php(228): PDOStatement->execute(Array)
#1 /var/www/test/Encomiendas/library/Zend/Db/Statement.php(300): Zend_Db_Statement_Pdo->_execute(Array)
#2 /var/www/test/Encomiendas/library/Zend/Db/Adapter/Abstract.php(468): Zend_Db_Statement->execute(Array)
#3 /var/www/test/Encomiendas/library/Zend/Db/Adapter/Pdo/Abstract.php(238): Zend_Db_Adapter_Abstract->query('INSERT INTO "fa...', Array)
#4 /var/www/test/Encomiendas/library/Zend/Db/Adapter/Abstract.php(546): Zend_Db_Adapter_Pdo_Abstract->query('INSERT INTO "fa...', Array)
#5 /var/www/test/Encomiendas/library/Zend/Db/Table/Abstract.php(1056): Zend_Db_Adapter_Abstract->insert('factura_encomie...', Array)
#6 /var/www/test/Encomiendas/application/models/EncomiendaModel.php(136): Zend_Db_Table_Abstract->insert(Array)
#7 /var/www/test/Encomiendas/application/controllers/RecepcionController.php(187): App_Model_EncomiendaModel->txSave(Array, Array, Object(stdClass), 'Cochabamba')
#8 /var/www/test/Encomiendas/library/Zend/Controller/Action.php(513): RecepcionController->saveAction()
#9 /var/www/test/Encomiendas/library/Zend/Controller/Dispatcher/Standard.php(289): Zend_Controller_Action->dispatch('saveAction')
#10 /var/www/test/Encomiendas/library/Zend/Controller/Front.php(954): Zend_Controller_Dispatcher_Standard->dispatch(Object(Zend_Controller_Request_Http), Object(Zend_Controller_Response_Http))
#11 /var/www/test/Encomiendas/library/Zend/Application/Bootstrap/Bootstrap.php(97): Zend_Controller_Front->dispatch()
#12 /var/www/test/Encomiendas/library/Zend/Application.php(366): Zend_Application_Bootstrap_Bootstrap->run()
#13 /var/www/test/Encomiendas/public/index.php(26): Zend_Application->run()
#14 {main}

Next exception 'Zend_Db_Statement_Exception' with message 'SQLSTATE[P0001]: Raise exception: 7 ERROR:  No se puede emitir facturas, Ya paso la fecha limite.' in /var/www/test/Encomiendas/library/Zend/Db/Statement/Pdo.php:234
Stack trace:
#0 /var/www/test/Encomiendas/library/Zend/Db/Statement.php(300): Zend_Db_Statement_Pdo->_execute(Array)
#1 /var/www/test/Encomiendas/library/Zend/Db/Adapter/Abstract.php(468): Zend_Db_Statement->execute(Array)
#2 /var/www/test/Encomiendas/library/Zend/Db/Adapter/Pdo/Abstract.php(238): Zend_Db_Adapter_Abstract->query('INSERT INTO "fa...', Array)
#3 /var/www/test/Encomiendas/library/Zend/Db/Adapter/Abstract.php(546): Zend_Db_Adapter_Pdo_Abstract->query('INSERT INTO "fa...', Array)
#4 /var/www/test/Encomiendas/library/Zend/Db/Table/Abstract.php(1056): Zend_Db_Adapter_Abstract->insert('factura_encomie...', Array)
#5 /var/www/test/Encomiendas/application/models/EncomiendaModel.php(136): Zend_Db_Table_Abstract->insert(Array)
#6 /var/www/test/Encomiendas/application/controllers/RecepcionController.php(187): App_Model_EncomiendaModel->txSave(Array, Array, Object(stdClass), 'Cochabamba')
#7 /var/www/test/Encomiendas/library/Zend/Controller/Action.php(513): RecepcionController->saveAction()
#8 /var/www/test/Encomiendas/library/Zend/Controller/Dispatcher/Standard.php(289): Zend_Controller_Action->dispatch('saveAction')
#9 /var/www/test/Encomiendas/library/Zend/Controller/Front.php(954): Zend_Controller_Dispatcher_Standard->dispatch(Object(Zend_Controller_Request_Http), Object(Zend_Controller_Response_Http))
#10 /var/www/test/Encomiendas/library/Zend/Application/Bootstrap/Bootstrap.php(97): Zend_Controller_Front->dispatch()
#11 /var/www/test/Encomiendas/library/Zend/Application.php(366): Zend_Application_Bootstrap_Bootstrap->run()
#12 /var/www/test/Encomiendas/public/index.php(26): Zend_Application->run()
#13 {main}
2020-12-13T07:14:15-04:00 INFO (6): exception 'Zend_Db_Exception' with message 'SQLSTATE[P0001]: Raise exception: 7 ERROR:  No se puede emitir facturas, Ya paso la fecha limite.' in /var/www/test/Encomiendas/application/models/EncomiendaModel.php:287
Stack trace:
#0 /var/www/test/Encomiendas/application/controllers/RecepcionController.php(187): App_Model_EncomiendaModel->txSave(Array, Array, Object(stdClass), 'Cochabamba')
#1 /var/www/test/Encomiendas/library/Zend/Controller/Action.php(513): RecepcionController->saveAction()
#2 /var/www/test/Encomiendas/library/Zend/Controller/Dispatcher/Standard.php(289): Zend_Controller_Action->dispatch('saveAction')
#3 /var/www/test/Encomiendas/library/Zend/Controller/Front.php(954): Zend_Controller_Dispatcher_Standard->dispatch(Object(Zend_Controller_Request_Http), Object(Zend_Controller_Response_Http))
#4 /var/www/test/Encomiendas/library/Zend/Application/Bootstrap/Bootstrap.php(97): Zend_Controller_Front->dispatch()
#5 /var/www/test/Encomiendas/library/Zend/Application.php(366): Zend_Application_Bootstrap_Bootstrap->run()
#6 /var/www/test/Encomiendas/public/index.php(26): Zend_Application->run()
#7 {main}
2020-12-13T07:31:29-04:00 ERR (3): [{"nombre":"AIRA LUZ A\u00f1EZ PARRAGA","nit":"12554620","tipo":"normal"},{"nombre":"ALEXANDER BURGOS","nit":"12529888","tipo":"normal"},{"nombre":"ANDRES CLAROS","nit":"12553449","tipo":"normal"},{"nombre":"ARANDIA ","nit":"1250213","tipo":"normal"},{"nombre":"ARIEL CORRALES MONTIEL","nit":"12524067","tipo":"normal"},{"nombre":"BACILIO ZAMBRANA UGARTE","nit":"12516743","tipo":"normal"},{"nombre":" CARDONA","nit":"12514674018","tipo":"normal"},{"nombre":"CARLA  MORELIA MONTERO PIZARRO","nit":"12502972","tipo":"normal"},{"nombre":"CARLOS PRADO","nit":"12586297","tipo":"normal"},{"nombre":"CEAB S.R.L.","nit":"125673022","tipo":"normal"},{"nombre":"CONSTRUCTORA  ALI SRL ","nit":"125995023","tipo":"normal"},{"nombre":"DAVID TRUJILLO FERMIN ","nit":"12556091","tipo":"normal"},{"nombre":"DEMETRIO FLORES ROCABADO","nit":"1253134","tipo":"normal"},{"nombre":"EDDY  PLACER","nit":"1254168","tipo":"normal"},{"nombre":"FELIX UYULI","nit":"1257702","tipo":"normal"},{"nombre":"FERNANDO CASTELLON ARNEZ ","nit":"12521135","tipo":"normal"},{"nombre":"GALLARDO","nit":"1258075","tipo":"normal"},{"nombre":"GAM VILLA GUALBERTO VILLARROEL ","nit":"125067020","tipo":"normal"},{"nombre":"GASTON MONTELLANO","nit":"125863010","tipo":"normal"},{"nombre":"GILBERTO FRANCISCO ROJAS LAREDO ","nit":"1259375","tipo":"normal"}]
2020-12-13T07:31:55-04:00 INFO (6): SELECT "d"."id_datos_factura", "d"."sucursal", "d"."autorizacion", "d"."llave", "d"."inicio", "d"."numero_factura", "d"."fecha_limite", "d"."autoimpresor", "d"."estado", "d"."fin", "d"."leyenda_secundaria" FROM "datos_factura" AS "d" WHERE (llave<>'Manual') AND (fecha_limite>='2020-12-13') AND (estado='Activo') AND (sucursal='suc-103') AND (sistema='ENCOMIENDA')
2020-12-13T07:31:55-04:00 INFO (6): exception 'PDOException' with message 'SQLSTATE[P0001]: Raise exception: 7 ERROR:  No se puede emitir facturas, Ya paso la fecha limite.' in /var/www/test/Encomiendas/library/Zend/Db/Statement/Pdo.php:228
Stack trace:
#0 /var/www/test/Encomiendas/library/Zend/Db/Statement/Pdo.php(228): PDOStatement->execute(Array)
#1 /var/www/test/Encomiendas/library/Zend/Db/Statement.php(300): Zend_Db_Statement_Pdo->_execute(Array)
#2 /var/www/test/Encomiendas/library/Zend/Db/Adapter/Abstract.php(468): Zend_Db_Statement->execute(Array)
#3 /var/www/test/Encomiendas/library/Zend/Db/Adapter/Pdo/Abstract.php(238): Zend_Db_Adapter_Abstract->query('INSERT INTO "fa...', Array)
#4 /var/www/test/Encomiendas/library/Zend/Db/Adapter/Abstract.php(546): Zend_Db_Adapter_Pdo_Abstract->query('INSERT INTO "fa...', Array)
#5 /var/www/test/Encomiendas/library/Zend/Db/Table/Abstract.php(1056): Zend_Db_Adapter_Abstract->insert('factura_encomie...', Array)
#6 /var/www/test/Encomiendas/application/models/EncomiendaModel.php(136): Zend_Db_Table_Abstract->insert(Array)
#7 /var/www/test/Encomiendas/application/controllers/RecepcionController.php(187): App_Model_EncomiendaModel->txSave(Array, Array, Object(stdClass), 'Cochabamba')
#8 /var/www/test/Encomiendas/library/Zend/Controller/Action.php(513): RecepcionController->saveAction()
#9 /var/www/test/Encomiendas/library/Zend/Controller/Dispatcher/Standard.php(289): Zend_Controller_Action->dispatch('saveAction')
#10 /var/www/test/Encomiendas/library/Zend/Controller/Front.php(954): Zend_Controller_Dispatcher_Standard->dispatch(Object(Zend_Controller_Request_Http), Object(Zend_Controller_Response_Http))
#11 /var/www/test/Encomiendas/library/Zend/Application/Bootstrap/Bootstrap.php(97): Zend_Controller_Front->dispatch()
#12 /var/www/test/Encomiendas/library/Zend/Application.php(366): Zend_Application_Bootstrap_Bootstrap->run()
#13 /var/www/test/Encomiendas/public/index.php(26): Zend_Application->run()
#14 {main}

Next exception 'Zend_Db_Statement_Exception' with message 'SQLSTATE[P0001]: Raise exception: 7 ERROR:  No se puede emitir facturas, Ya paso la fecha limite.' in /var/www/test/Encomiendas/library/Zend/Db/Statement/Pdo.php:234
Stack trace:
#0 /var/www/test/Encomiendas/library/Zend/Db/Statement.php(300): Zend_Db_Statement_Pdo->_execute(Array)
#1 /var/www/test/Encomiendas/library/Zend/Db/Adapter/Abstract.php(468): Zend_Db_Statement->execute(Array)
#2 /var/www/test/Encomiendas/library/Zend/Db/Adapter/Pdo/Abstract.php(238): Zend_Db_Adapter_Abstract->query('INSERT INTO "fa...', Array)
#3 /var/www/test/Encomiendas/library/Zend/Db/Adapter/Abstract.php(546): Zend_Db_Adapter_Pdo_Abstract->query('INSERT INTO "fa...', Array)
#4 /var/www/test/Encomiendas/library/Zend/Db/Table/Abstract.php(1056): Zend_Db_Adapter_Abstract->insert('factura_encomie...', Array)
#5 /var/www/test/Encomiendas/application/models/EncomiendaModel.php(136): Zend_Db_Table_Abstract->insert(Array)
#6 /var/www/test/Encomiendas/application/controllers/RecepcionController.php(187): App_Model_EncomiendaModel->txSave(Array, Array, Object(stdClass), 'Cochabamba')
#7 /var/www/test/Encomiendas/library/Zend/Controller/Action.php(513): RecepcionController->saveAction()
#8 /var/www/test/Encomiendas/library/Zend/Controller/Dispatcher/Standard.php(289): Zend_Controller_Action->dispatch('saveAction')
#9 /var/www/test/Encomiendas/library/Zend/Controller/Front.php(954): Zend_Controller_Dispatcher_Standard->dispatch(Object(Zend_Controller_Request_Http), Object(Zend_Controller_Response_Http))
#10 /var/www/test/Encomiendas/library/Zend/Application/Bootstrap/Bootstrap.php(97): Zend_Controller_Front->dispatch()
#11 /var/www/test/Encomiendas/library/Zend/Application.php(366): Zend_Application_Bootstrap_Bootstrap->run()
#12 /var/www/test/Encomiendas/public/index.php(26): Zend_Application->run()
#13 {main}
2020-12-13T07:31:55-04:00 INFO (6): exception 'Zend_Db_Exception' with message 'SQLSTATE[P0001]: Raise exception: 7 ERROR:  No se puede emitir facturas, Ya paso la fecha limite.' in /var/www/test/Encomiendas/application/models/EncomiendaModel.php:287
Stack trace:
#0 /var/www/test/Encomiendas/application/controllers/RecepcionController.php(187): App_Model_EncomiendaModel->txSave(Array, Array, Object(stdClass), 'Cochabamba')
#1 /var/www/test/Encomiendas/library/Zend/Controller/Action.php(513): RecepcionController->saveAction()
#2 /var/www/test/Encomiendas/library/Zend/Controller/Dispatcher/Standard.php(289): Zend_Controller_Action->dispatch('saveAction')
#3 /var/www/test/Encomiendas/library/Zend/Controller/Front.php(954): Zend_Controller_Dispatcher_Standard->dispatch(Object(Zend_Controller_Request_Http), Object(Zend_Controller_Response_Http))
#4 /var/www/test/Encomiendas/library/Zend/Application/Bootstrap/Bootstrap.php(97): Zend_Controller_Front->dispatch()
#5 /var/www/test/Encomiendas/library/Zend/Application.php(366): Zend_Application_Bootstrap_Bootstrap->run()
#6 /var/www/test/Encomiendas/public/index.php(26): Zend_Application->run()
#7 {main}
2020-12-13T07:36:43-04:00 INFO (6): SELECT "d"."id_datos_factura", "d"."sucursal", "d"."autorizacion", "d"."llave", "d"."inicio", "d"."numero_factura", "d"."fecha_limite", "d"."autoimpresor", "d"."estado", "d"."fin", "d"."leyenda_secundaria" FROM "datos_factura" AS "d" WHERE (llave<>'Manual') AND (fecha_limite>='2020-12-13') AND (estado='Activo') AND (sucursal='suc-103') AND (sistema='ENCOMIENDA')
