2021-01-17T06:38:52-04:00 ERR (3): cliente select SELECT "cl"."id_cliente" AS "id", "cl"."nombre", "cl"."nit", "cl"."tipo", "cl"."deuda" FROM "cliente" AS "cl" ORDER BY "nombre" ASC LIMIT 20
2021-01-17T06:39:05-04:00 ERR (3): cliente select SELECT "cl"."id_cliente" AS "id", "cl"."nombre", "cl"."nit", "cl"."tipo", "cl"."deuda" FROM "cliente" AS "cl" ORDER BY "nombre" ASC LIMIT 20
2021-01-17T06:39:13-04:00 ERR (3): cliente select SELECT "cl"."id_cliente" AS "id", "cl"."nombre", "cl"."nit", "cl"."tipo", "cl"."deuda" FROM "cliente" AS "cl" WHERE (cl.tipo = 'Coorporativo') ORDER BY "nombre" ASC LIMIT 20
2021-01-17T06:39:35-04:00 ERR (3): exception 'PDOException' with message 'SQLSTATE[08P01]: <<Unknown error>>: 7 ERROR:  bind message supplies 0 parameters, but prepared statement "pdo_stmt_00000001" requires 1' in /var/www/test/Encomiendas/library/Zend/Db/Statement/Pdo.php:228
Stack trace:
#0 /var/www/test/Encomiendas/library/Zend/Db/Statement/Pdo.php(228): PDOStatement->execute(Array)
#1 /var/www/test/Encomiendas/library/Zend/Db/Statement.php(300): Zend_Db_Statement_Pdo->_execute(Array)
#2 /var/www/test/Encomiendas/library/Zend/Db/Adapter/Abstract.php(468): Zend_Db_Statement->execute(Array)
#3 /var/www/test/Encomiendas/library/Zend/Db/Adapter/Pdo/Abstract.php(238): Zend_Db_Adapter_Abstract->query(Object(Zend_Db_Select), Array)
#4 /var/www/test/Encomiendas/library/Zend/Db/Adapter/Abstract.php(725): Zend_Db_Adapter_Pdo_Abstract->query(Object(Zend_Db_Select), Array)
#5 /var/www/test/Encomiendas/application/models/EncomiendaModel.php(1318): Zend_Db_Adapter_Abstract->fetchRow(Object(Zend_Db_Select))
#6 /var/www/test/Encomiendas/application/models/Cliente.php(180): App_Model_EncomiendaModel->getByIds('["enc-100930"]')
#7 /var/www/test/Encomiendas/application/controllers/ClientController.php(58): App_Model_Cliente->payPackages('["enc-100930"]')
#8 /var/www/test/Encomiendas/library/Zend/Controller/Action.php(513): ClientController->payPackagesAction()
#9 /var/www/test/Encomiendas/library/Zend/Controller/Dispatcher/Standard.php(289): Zend_Controller_Action->dispatch('payPackagesActi...')
#10 /var/www/test/Encomiendas/library/Zend/Controller/Front.php(954): Zend_Controller_Dispatcher_Standard->dispatch(Object(Zend_Controller_Request_Http), Object(Zend_Controller_Response_Http))
#11 /var/www/test/Encomiendas/library/Zend/Application/Bootstrap/Bootstrap.php(97): Zend_Controller_Front->dispatch()
#12 /var/www/test/Encomiendas/library/Zend/Application.php(366): Zend_Application_Bootstrap_Bootstrap->run()
#13 /var/www/test/Encomiendas/public/index.php(26): Zend_Application->run()
#14 {main}

Next exception 'Zend_Db_Statement_Exception' with message 'SQLSTATE[08P01]: <<Unknown error>>: 7 ERROR:  bind message supplies 0 parameters, but prepared statement "pdo_stmt_00000001" requires 1' in /var/www/test/Encomiendas/library/Zend/Db/Statement/Pdo.php:234
Stack trace:
#0 /var/www/test/Encomiendas/library/Zend/Db/Statement.php(300): Zend_Db_Statement_Pdo->_execute(Array)
#1 /var/www/test/Encomiendas/library/Zend/Db/Adapter/Abstract.php(468): Zend_Db_Statement->execute(Array)
#2 /var/www/test/Encomiendas/library/Zend/Db/Adapter/Pdo/Abstract.php(238): Zend_Db_Adapter_Abstract->query(Object(Zend_Db_Select), Array)
#3 /var/www/test/Encomiendas/library/Zend/Db/Adapter/Abstract.php(725): Zend_Db_Adapter_Pdo_Abstract->query(Object(Zend_Db_Select), Array)
#4 /var/www/test/Encomiendas/application/models/EncomiendaModel.php(1318): Zend_Db_Adapter_Abstract->fetchRow(Object(Zend_Db_Select))
#5 /var/www/test/Encomiendas/application/models/Cliente.php(180): App_Model_EncomiendaModel->getByIds('["enc-100930"]')
#6 /var/www/test/Encomiendas/application/controllers/ClientController.php(58): App_Model_Cliente->payPackages('["enc-100930"]')
#7 /var/www/test/Encomiendas/library/Zend/Controller/Action.php(513): ClientController->payPackagesAction()
#8 /var/www/test/Encomiendas/library/Zend/Controller/Dispatcher/Standard.php(289): Zend_Controller_Action->dispatch('payPackagesActi...')
#9 /var/www/test/Encomiendas/library/Zend/Controller/Front.php(954): Zend_Controller_Dispatcher_Standard->dispatch(Object(Zend_Controller_Request_Http), Object(Zend_Controller_Response_Http))
#10 /var/www/test/Encomiendas/library/Zend/Application/Bootstrap/Bootstrap.php(97): Zend_Controller_Front->dispatch()
#11 /var/www/test/Encomiendas/library/Zend/Application.php(366): Zend_Application_Bootstrap_Bootstrap->run()
#12 /var/www/test/Encomiendas/public/index.php(26): Zend_Application->run()
#13 {main}
2021-01-17T06:47:44-04:00 ERR (3): exception 'PDOException' with message 'SQLSTATE[08P01]: <<Unknown error>>: 7 ERROR:  bind message supplies 0 parameters, but prepared statement "pdo_stmt_00000001" requires 1' in /var/www/test/Encomiendas/library/Zend/Db/Statement/Pdo.php:228
Stack trace:
#0 /var/www/test/Encomiendas/library/Zend/Db/Statement/Pdo.php(228): PDOStatement->execute(Array)
#1 /var/www/test/Encomiendas/library/Zend/Db/Statement.php(300): Zend_Db_Statement_Pdo->_execute(Array)
#2 /var/www/test/Encomiendas/library/Zend/Db/Adapter/Abstract.php(468): Zend_Db_Statement->execute(Array)
#3 /var/www/test/Encomiendas/library/Zend/Db/Adapter/Pdo/Abstract.php(238): Zend_Db_Adapter_Abstract->query(Object(Zend_Db_Select), Array)
#4 /var/www/test/Encomiendas/library/Zend/Db/Adapter/Abstract.php(725): Zend_Db_Adapter_Pdo_Abstract->query(Object(Zend_Db_Select), Array)
#5 /var/www/test/Encomiendas/application/models/EncomiendaModel.php(1318): Zend_Db_Adapter_Abstract->fetchRow(Object(Zend_Db_Select))
#6 /var/www/test/Encomiendas/application/models/Cliente.php(180): App_Model_EncomiendaModel->getByIds('["enc-100930"]')
#7 /var/www/test/Encomiendas/application/controllers/ClientController.php(58): App_Model_Cliente->payPackages('["enc-100930"]')
#8 /var/www/test/Encomiendas/library/Zend/Controller/Action.php(513): ClientController->payPackagesAction()
#9 /var/www/test/Encomiendas/library/Zend/Controller/Dispatcher/Standard.php(289): Zend_Controller_Action->dispatch('payPackagesActi...')
#10 /var/www/test/Encomiendas/library/Zend/Controller/Front.php(954): Zend_Controller_Dispatcher_Standard->dispatch(Object(Zend_Controller_Request_Http), Object(Zend_Controller_Response_Http))
#11 /var/www/test/Encomiendas/library/Zend/Application/Bootstrap/Bootstrap.php(97): Zend_Controller_Front->dispatch()
#12 /var/www/test/Encomiendas/library/Zend/Application.php(366): Zend_Application_Bootstrap_Bootstrap->run()
#13 /var/www/test/Encomiendas/public/index.php(26): Zend_Application->run()
#14 {main}

Next exception 'Zend_Db_Statement_Exception' with message 'SQLSTATE[08P01]: <<Unknown error>>: 7 ERROR:  bind message supplies 0 parameters, but prepared statement "pdo_stmt_00000001" requires 1' in /var/www/test/Encomiendas/library/Zend/Db/Statement/Pdo.php:234
Stack trace:
#0 /var/www/test/Encomiendas/library/Zend/Db/Statement.php(300): Zend_Db_Statement_Pdo->_execute(Array)
#1 /var/www/test/Encomiendas/library/Zend/Db/Adapter/Abstract.php(468): Zend_Db_Statement->execute(Array)
#2 /var/www/test/Encomiendas/library/Zend/Db/Adapter/Pdo/Abstract.php(238): Zend_Db_Adapter_Abstract->query(Object(Zend_Db_Select), Array)
#3 /var/www/test/Encomiendas/library/Zend/Db/Adapter/Abstract.php(725): Zend_Db_Adapter_Pdo_Abstract->query(Object(Zend_Db_Select), Array)
#4 /var/www/test/Encomiendas/application/models/EncomiendaModel.php(1318): Zend_Db_Adapter_Abstract->fetchRow(Object(Zend_Db_Select))
#5 /var/www/test/Encomiendas/application/models/Cliente.php(180): App_Model_EncomiendaModel->getByIds('["enc-100930"]')
#6 /var/www/test/Encomiendas/application/controllers/ClientController.php(58): App_Model_Cliente->payPackages('["enc-100930"]')
#7 /var/www/test/Encomiendas/library/Zend/Controller/Action.php(513): ClientController->payPackagesAction()
#8 /var/www/test/Encomiendas/library/Zend/Controller/Dispatcher/Standard.php(289): Zend_Controller_Action->dispatch('payPackagesActi...')
#9 /var/www/test/Encomiendas/library/Zend/Controller/Front.php(954): Zend_Controller_Dispatcher_Standard->dispatch(Object(Zend_Controller_Request_Http), Object(Zend_Controller_Response_Http))
#10 /var/www/test/Encomiendas/library/Zend/Application/Bootstrap/Bootstrap.php(97): Zend_Controller_Front->dispatch()
#11 /var/www/test/Encomiendas/library/Zend/Application.php(366): Zend_Application_Bootstrap_Bootstrap->run()
#12 /var/www/test/Encomiendas/public/index.php(26): Zend_Application->run()
#13 {main}
2021-01-17T07:14:13-04:00 ERR (3): exception 'PDOException' with message 'SQLSTATE[42601]: Syntax error: 7 ERROR:  syntax error at or near ")"
LINE 1: ...e".* FROM "cliente" WHERE (client_id=$1) AND (Array) LIMIT 1
                                                              ^' in /var/www/test/Encomiendas/library/Zend/Db/Statement/Pdo.php:228
Stack trace:
#0 /var/www/test/Encomiendas/library/Zend/Db/Statement/Pdo.php(228): PDOStatement->execute(Array)
#1 /var/www/test/Encomiendas/library/Zend/Db/Statement.php(300): Zend_Db_Statement_Pdo->_execute(Array)
#2 /var/www/test/Encomiendas/library/Zend/Db/Adapter/Abstract.php(468): Zend_Db_Statement->execute(Array)
#3 /var/www/test/Encomiendas/library/Zend/Db/Adapter/Pdo/Abstract.php(238): Zend_Db_Adapter_Abstract->query(Object(Zend_Db_Table_Select), Array)
#4 /var/www/test/Encomiendas/library/Zend/Db/Table/Abstract.php(1509): Zend_Db_Adapter_Pdo_Abstract->query(Object(Zend_Db_Table_Select))
#5 /var/www/test/Encomiendas/library/Zend/Db/Table/Abstract.php(1371): Zend_Db_Table_Abstract->_fetch(Object(Zend_Db_Table_Select))
#6 /var/www/test/Encomiendas/application/models/Cliente.php(180): Zend_Db_Table_Abstract->fetchRow(Array)
#7 /var/www/test/Encomiendas/application/controllers/ClientController.php(57): App_Model_Cliente->payPackages(Array)
#8 /var/www/test/Encomiendas/library/Zend/Controller/Action.php(513): ClientController->payPackagesAction()
#9 /var/www/test/Encomiendas/library/Zend/Controller/Dispatcher/Standard.php(289): Zend_Controller_Action->dispatch('payPackagesActi...')
#10 /var/www/test/Encomiendas/library/Zend/Controller/Front.php(954): Zend_Controller_Dispatcher_Standard->dispatch(Object(Zend_Controller_Request_Http), Object(Zend_Controller_Response_Http))
#11 /var/www/test/Encomiendas/library/Zend/Application/Bootstrap/Bootstrap.php(97): Zend_Controller_Front->dispatch()
#12 /var/www/test/Encomiendas/library/Zend/Application.php(366): Zend_Application_Bootstrap_Bootstrap->run()
#13 /var/www/test/Encomiendas/public/index.php(26): Zend_Application->run()
#14 {main}

Next exception 'Zend_Db_Statement_Exception' with message 'SQLSTATE[42601]: Syntax error: 7 ERROR:  syntax error at or near ")"
LINE 1: ...e".* FROM "cliente" WHERE (client_id=$1) AND (Array) LIMIT 1
                                                              ^' in /var/www/test/Encomiendas/library/Zend/Db/Statement/Pdo.php:234
Stack trace:
#0 /var/www/test/Encomiendas/library/Zend/Db/Statement.php(300): Zend_Db_Statement_Pdo->_execute(Array)
#1 /var/www/test/Encomiendas/library/Zend/Db/Adapter/Abstract.php(468): Zend_Db_Statement->execute(Array)
#2 /var/www/test/Encomiendas/library/Zend/Db/Adapter/Pdo/Abstract.php(238): Zend_Db_Adapter_Abstract->query(Object(Zend_Db_Table_Select), Array)
#3 /var/www/test/Encomiendas/library/Zend/Db/Table/Abstract.php(1509): Zend_Db_Adapter_Pdo_Abstract->query(Object(Zend_Db_Table_Select))
#4 /var/www/test/Encomiendas/library/Zend/Db/Table/Abstract.php(1371): Zend_Db_Table_Abstract->_fetch(Object(Zend_Db_Table_Select))
#5 /var/www/test/Encomiendas/application/models/Cliente.php(180): Zend_Db_Table_Abstract->fetchRow(Array)
#6 /var/www/test/Encomiendas/application/controllers/ClientController.php(57): App_Model_Cliente->payPackages(Array)
#7 /var/www/test/Encomiendas/library/Zend/Controller/Action.php(513): ClientController->payPackagesAction()
#8 /var/www/test/Encomiendas/library/Zend/Controller/Dispatcher/Standard.php(289): Zend_Controller_Action->dispatch('payPackagesActi...')
#9 /var/www/test/Encomiendas/library/Zend/Controller/Front.php(954): Zend_Controller_Dispatcher_Standard->dispatch(Object(Zend_Controller_Request_Http), Object(Zend_Controller_Response_Http))
#10 /var/www/test/Encomiendas/library/Zend/Application/Bootstrap/Bootstrap.php(97): Zend_Controller_Front->dispatch()
#11 /var/www/test/Encomiendas/library/Zend/Application.php(366): Zend_Application_Bootstrap_Bootstrap->run()
#12 /var/www/test/Encomiendas/public/index.php(26): Zend_Application->run()
#13 {main}
2021-01-17T07:20:54-04:00 ERR (3): exception 'PDOException' with message 'SQLSTATE[42601]: Syntax error: 7 ERROR:  syntax error at or near ")"
LINE 1: ...e".* FROM "cliente" WHERE (client_id=$1) AND (Array) LIMIT 1
                                                              ^' in /var/www/test/Encomiendas/library/Zend/Db/Statement/Pdo.php:228
Stack trace:
#0 /var/www/test/Encomiendas/library/Zend/Db/Statement/Pdo.php(228): PDOStatement->execute(Array)
#1 /var/www/test/Encomiendas/library/Zend/Db/Statement.php(300): Zend_Db_Statement_Pdo->_execute(Array)
#2 /var/www/test/Encomiendas/library/Zend/Db/Adapter/Abstract.php(468): Zend_Db_Statement->execute(Array)
#3 /var/www/test/Encomiendas/library/Zend/Db/Adapter/Pdo/Abstract.php(238): Zend_Db_Adapter_Abstract->query(Object(Zend_Db_Table_Select), Array)
#4 /var/www/test/Encomiendas/library/Zend/Db/Table/Abstract.php(1509): Zend_Db_Adapter_Pdo_Abstract->query(Object(Zend_Db_Table_Select))
#5 /var/www/test/Encomiendas/library/Zend/Db/Table/Abstract.php(1371): Zend_Db_Table_Abstract->_fetch(Object(Zend_Db_Table_Select))
#6 /var/www/test/Encomiendas/application/models/Cliente.php(180): Zend_Db_Table_Abstract->fetchRow(Array)
#7 /var/www/test/Encomiendas/application/controllers/ClientController.php(58): App_Model_Cliente->payPackages(Array)
#8 /var/www/test/Encomiendas/library/Zend/Controller/Action.php(513): ClientController->payPackagesAction()
#9 /var/www/test/Encomiendas/library/Zend/Controller/Dispatcher/Standard.php(289): Zend_Controller_Action->dispatch('payPackagesActi...')
#10 /var/www/test/Encomiendas/library/Zend/Controller/Front.php(954): Zend_Controller_Dispatcher_Standard->dispatch(Object(Zend_Controller_Request_Http), Object(Zend_Controller_Response_Http))
#11 /var/www/test/Encomiendas/library/Zend/Application/Bootstrap/Bootstrap.php(97): Zend_Controller_Front->dispatch()
#12 /var/www/test/Encomiendas/library/Zend/Application.php(366): Zend_Application_Bootstrap_Bootstrap->run()
#13 /var/www/test/Encomiendas/public/index.php(26): Zend_Application->run()
#14 {main}

Next exception 'Zend_Db_Statement_Exception' with message 'SQLSTATE[42601]: Syntax error: 7 ERROR:  syntax error at or near ")"
LINE 1: ...e".* FROM "cliente" WHERE (client_id=$1) AND (Array) LIMIT 1
                                                              ^' in /var/www/test/Encomiendas/library/Zend/Db/Statement/Pdo.php:234
Stack trace:
#0 /var/www/test/Encomiendas/library/Zend/Db/Statement.php(300): Zend_Db_Statement_Pdo->_execute(Array)
#1 /var/www/test/Encomiendas/library/Zend/Db/Adapter/Abstract.php(468): Zend_Db_Statement->execute(Array)
#2 /var/www/test/Encomiendas/library/Zend/Db/Adapter/Pdo/Abstract.php(238): Zend_Db_Adapter_Abstract->query(Object(Zend_Db_Table_Select), Array)
#3 /var/www/test/Encomiendas/library/Zend/Db/Table/Abstract.php(1509): Zend_Db_Adapter_Pdo_Abstract->query(Object(Zend_Db_Table_Select))
#4 /var/www/test/Encomiendas/library/Zend/Db/Table/Abstract.php(1371): Zend_Db_Table_Abstract->_fetch(Object(Zend_Db_Table_Select))
#5 /var/www/test/Encomiendas/application/models/Cliente.php(180): Zend_Db_Table_Abstract->fetchRow(Array)
#6 /var/www/test/Encomiendas/application/controllers/ClientController.php(58): App_Model_Cliente->payPackages(Array)
#7 /var/www/test/Encomiendas/library/Zend/Controller/Action.php(513): ClientController->payPackagesAction()
#8 /var/www/test/Encomiendas/library/Zend/Controller/Dispatcher/Standard.php(289): Zend_Controller_Action->dispatch('payPackagesActi...')
#9 /var/www/test/Encomiendas/library/Zend/Controller/Front.php(954): Zend_Controller_Dispatcher_Standard->dispatch(Object(Zend_Controller_Request_Http), Object(Zend_Controller_Response_Http))
#10 /var/www/test/Encomiendas/library/Zend/Application/Bootstrap/Bootstrap.php(97): Zend_Controller_Front->dispatch()
#11 /var/www/test/Encomiendas/library/Zend/Application.php(366): Zend_Application_Bootstrap_Bootstrap->run()
#12 /var/www/test/Encomiendas/public/index.php(26): Zend_Application->run()
#13 {main}
2021-01-17T07:21:15-04:00 ERR (3): cliente select SELECT "cl"."id_cliente" AS "id", "cl"."nombre", "cl"."nit", "cl"."tipo", "cl"."deuda" FROM "cliente" AS "cl" ORDER BY "nombre" ASC LIMIT 20
2021-01-17T07:21:20-04:00 ERR (3): cliente select SELECT "cl"."id_cliente" AS "id", "cl"."nombre", "cl"."nit", "cl"."tipo", "cl"."deuda" FROM "cliente" AS "cl" WHERE (cl.tipo = 'Coorporativo') ORDER BY "nombre" ASC LIMIT 20
2021-01-17T07:21:32-04:00 ERR (3): exception 'PDOException' with message 'SQLSTATE[42601]: Syntax error: 7 ERROR:  syntax error at or near ")"
LINE 1: ...e".* FROM "cliente" WHERE (client_id=$1) AND (Array) LIMIT 1
                                                              ^' in /var/www/test/Encomiendas/library/Zend/Db/Statement/Pdo.php:228
Stack trace:
#0 /var/www/test/Encomiendas/library/Zend/Db/Statement/Pdo.php(228): PDOStatement->execute(Array)
#1 /var/www/test/Encomiendas/library/Zend/Db/Statement.php(300): Zend_Db_Statement_Pdo->_execute(Array)
#2 /var/www/test/Encomiendas/library/Zend/Db/Adapter/Abstract.php(468): Zend_Db_Statement->execute(Array)
#3 /var/www/test/Encomiendas/library/Zend/Db/Adapter/Pdo/Abstract.php(238): Zend_Db_Adapter_Abstract->query(Object(Zend_Db_Table_Select), Array)
#4 /var/www/test/Encomiendas/library/Zend/Db/Table/Abstract.php(1509): Zend_Db_Adapter_Pdo_Abstract->query(Object(Zend_Db_Table_Select))
#5 /var/www/test/Encomiendas/library/Zend/Db/Table/Abstract.php(1371): Zend_Db_Table_Abstract->_fetch(Object(Zend_Db_Table_Select))
#6 /var/www/test/Encomiendas/application/models/Cliente.php(180): Zend_Db_Table_Abstract->fetchRow(Array)
#7 /var/www/test/Encomiendas/application/controllers/ClientController.php(58): App_Model_Cliente->payPackages(Array)
#8 /var/www/test/Encomiendas/library/Zend/Controller/Action.php(513): ClientController->payPackagesAction()
#9 /var/www/test/Encomiendas/library/Zend/Controller/Dispatcher/Standard.php(289): Zend_Controller_Action->dispatch('payPackagesActi...')
#10 /var/www/test/Encomiendas/library/Zend/Controller/Front.php(954): Zend_Controller_Dispatcher_Standard->dispatch(Object(Zend_Controller_Request_Http), Object(Zend_Controller_Response_Http))
#11 /var/www/test/Encomiendas/library/Zend/Application/Bootstrap/Bootstrap.php(97): Zend_Controller_Front->dispatch()
#12 /var/www/test/Encomiendas/library/Zend/Application.php(366): Zend_Application_Bootstrap_Bootstrap->run()
#13 /var/www/test/Encomiendas/public/index.php(26): Zend_Application->run()
#14 {main}

Next exception 'Zend_Db_Statement_Exception' with message 'SQLSTATE[42601]: Syntax error: 7 ERROR:  syntax error at or near ")"
LINE 1: ...e".* FROM "cliente" WHERE (client_id=$1) AND (Array) LIMIT 1
                                                              ^' in /var/www/test/Encomiendas/library/Zend/Db/Statement/Pdo.php:234
Stack trace:
#0 /var/www/test/Encomiendas/library/Zend/Db/Statement.php(300): Zend_Db_Statement_Pdo->_execute(Array)
#1 /var/www/test/Encomiendas/library/Zend/Db/Adapter/Abstract.php(468): Zend_Db_Statement->execute(Array)
#2 /var/www/test/Encomiendas/library/Zend/Db/Adapter/Pdo/Abstract.php(238): Zend_Db_Adapter_Abstract->query(Object(Zend_Db_Table_Select), Array)
#3 /var/www/test/Encomiendas/library/Zend/Db/Table/Abstract.php(1509): Zend_Db_Adapter_Pdo_Abstract->query(Object(Zend_Db_Table_Select))
#4 /var/www/test/Encomiendas/library/Zend/Db/Table/Abstract.php(1371): Zend_Db_Table_Abstract->_fetch(Object(Zend_Db_Table_Select))
#5 /var/www/test/Encomiendas/application/models/Cliente.php(180): Zend_Db_Table_Abstract->fetchRow(Array)
#6 /var/www/test/Encomiendas/application/controllers/ClientController.php(58): App_Model_Cliente->payPackages(Array)
#7 /var/www/test/Encomiendas/library/Zend/Controller/Action.php(513): ClientController->payPackagesAction()
#8 /var/www/test/Encomiendas/library/Zend/Controller/Dispatcher/Standard.php(289): Zend_Controller_Action->dispatch('payPackagesActi...')
#9 /var/www/test/Encomiendas/library/Zend/Controller/Front.php(954): Zend_Controller_Dispatcher_Standard->dispatch(Object(Zend_Controller_Request_Http), Object(Zend_Controller_Response_Http))
#10 /var/www/test/Encomiendas/library/Zend/Application/Bootstrap/Bootstrap.php(97): Zend_Controller_Front->dispatch()
#11 /var/www/test/Encomiendas/library/Zend/Application.php(366): Zend_Application_Bootstrap_Bootstrap->run()
#12 /var/www/test/Encomiendas/public/index.php(26): Zend_Application->run()
#13 {main}
