2021-01-25T20:13:23-04:00 ERR (3): cliente select SELECT "cl"."id_cliente" AS "id", "cl"."nombre", "cl"."nit", "cl"."tipo", "cl"."deuda" FROM "cliente" AS "cl" ORDER BY "nombre" ASC LIMIT 20
2021-01-25T20:13:31-04:00 ERR (3): cliente select SELECT "cl"."id_cliente" AS "id", "cl"."nombre", "cl"."nit", "cl"."tipo", "cl"."deuda" FROM "cliente" AS "cl" WHERE (cl.tipo = 'Coorporativo') ORDER BY "nombre" ASC LIMIT 20
2021-01-25T20:13:50-04:00 INFO (6): SELECT "d"."id_datos_factura", "d"."sucursal", "d"."autorizacion", "d"."llave", "d"."inicio", "d"."numero_factura", "d"."fecha_limite", "d"."autoimpresor", "d"."estado", "d"."fin", "d"."leyenda_secundaria" FROM "datos_factura" AS "d" WHERE (llave<>'Manual') AND (fecha_limite>='2021-01-25') AND (estado='Activo') AND (sucursal='suc-103') AND (sistema='ENCOMIENDA')
2021-01-25T20:22:27-04:00 ERR (3): cliente select SELECT "cl"."id_cliente" AS "id", "cl"."nombre", "cl"."nit", "cl"."tipo", "cl"."deuda" FROM "cliente" AS "cl" ORDER BY "nombre" ASC LIMIT 20
2021-01-25T20:22:34-04:00 ERR (3): cliente select SELECT "cl"."id_cliente" AS "id", "cl"."nombre", "cl"."nit", "cl"."tipo", "cl"."deuda" FROM "cliente" AS "cl" WHERE (cl.tipo = 'Coorporativo') ORDER BY "nombre" ASC LIMIT 20
2021-01-25T20:23:03-04:00 ERR (3): cliente select SELECT "cl"."id_cliente" AS "id", "cl"."nombre", "cl"."nit", "cl"."tipo", "cl"."deuda" FROM "cliente" AS "cl" WHERE (cl.tipo = 'Coorporativo') ORDER BY "nombre" ASC LIMIT 20
2021-01-25T20:23:19-04:00 ERR (3): cliente select SELECT "cl"."id_cliente" AS "id", "cl"."nombre", "cl"."nit", "cl"."tipo", "cl"."deuda" FROM "cliente" AS "cl" WHERE (cl.tipo = 'Coorporativo') ORDER BY "nombre" ASC LIMIT 20
2021-01-25T20:23:57-04:00 ERR (3): []
2021-01-25T20:24:50-04:00 ERR (3): Error inserting client#0 /var/www/test/Encomiendas/library/Zend/Db/Statement.php(300): Zend_Db_Statement_Pdo->_execute(Array)
#1 /var/www/test/Encomiendas/library/Zend/Db/Adapter/Abstract.php(468): Zend_Db_Statement->execute(Array)
#2 /var/www/test/Encomiendas/library/Zend/Db/Adapter/Pdo/Abstract.php(238): Zend_Db_Adapter_Abstract->query('INSERT INTO "cl...', Array)
#3 /var/www/test/Encomiendas/library/Zend/Db/Adapter/Abstract.php(546): Zend_Db_Adapter_Pdo_Abstract->query('INSERT INTO "cl...', Array)
#4 /var/www/test/Encomiendas/library/Zend/Db/Table/Abstract.php(1056): Zend_Db_Adapter_Abstract->insert('cliente', Array)
#5 /var/www/test/Encomiendas/application/controllers/RecepcionController.php(155): Zend_Db_Table_Abstract->insert(Array)
#6 /var/www/test/Encomiendas/library/Zend/Controller/Action.php(513): RecepcionController->saveAction()
#7 /var/www/test/Encomiendas/library/Zend/Controller/Dispatcher/Standard.php(289): Zend_Controller_Action->dispatch('saveAction')
#8 /var/www/test/Encomiendas/library/Zend/Controller/Front.php(954): Zend_Controller_Dispatcher_Standard->dispatch(Object(Zend_Controller_Request_Http), Object(Zend_Controller_Response_Http))
#9 /var/www/test/Encomiendas/library/Zend/Application/Bootstrap/Bootstrap.php(97): Zend_Controller_Front->dispatch()
#10 /var/www/test/Encomiendas/library/Zend/Application.php(366): Zend_Application_Bootstrap_Bootstrap->run()
#11 /var/www/test/Encomiendas/public/index.php(26): Zend_Application->run()
#12 {main}
2021-01-25T20:24:50-04:00 INFO (6): SELECT "d"."id_datos_factura", "d"."sucursal", "d"."autorizacion", "d"."llave", "d"."inicio", "d"."numero_factura", "d"."fecha_limite", "d"."autoimpresor", "d"."estado", "d"."fin", "d"."leyenda_secundaria" FROM "datos_factura" AS "d" WHERE (llave<>'Manual') AND (fecha_limite>='2021-01-25') AND (estado='Activo') AND (sucursal='suc-103') AND (sistema='ENCOMIENDA')
2021-01-25T20:30:17-04:00 ERR (3): cliente select SELECT "cl"."id_cliente" AS "id", "cl"."nombre", "cl"."nit", "cl"."tipo", "cl"."deuda" FROM "cliente" AS "cl" ORDER BY "nombre" ASC LIMIT 20
2021-01-25T20:30:26-04:00 ERR (3): cliente select SELECT "cl"."id_cliente" AS "id", "cl"."nombre", "cl"."nit", "cl"."tipo", "cl"."deuda" FROM "cliente" AS "cl" WHERE (cl.tipo = 'Coorporativo') ORDER BY "nombre" ASC LIMIT 20
2021-01-25T20:30:37-04:00 ERR (3): []
2021-01-25T20:30:51-04:00 ERR (3): []
2021-01-25T20:30:54-04:00 ERR (3): []
2021-01-25T20:31:06-04:00 ERR (3): []
2021-01-25T20:31:06-04:00 ERR (3): []
2021-01-25T20:31:07-04:00 ERR (3): []
2021-01-25T20:31:09-04:00 ERR (3): []
2021-01-25T20:31:09-04:00 ERR (3): []
2021-01-25T20:31:11-04:00 ERR (3): []
2021-01-25T20:31:19-04:00 ERR (3): cliente select SELECT "cl"."id_cliente" AS "id", "cl"."nombre", "cl"."nit", "cl"."tipo", "cl"."deuda" FROM "cliente" AS "cl" ORDER BY "nombre" ASC LIMIT 20
2021-01-25T20:31:26-04:00 ERR (3): cliente select SELECT "cl"."id_cliente" AS "id", "cl"."nombre", "cl"."nit", "cl"."tipo", "cl"."deuda" FROM "cliente" AS "cl" WHERE (cl.tipo = 'Coorporativo') ORDER BY "nombre" ASC LIMIT 20
2021-01-25T20:31:52-04:00 ERR (3): []
2021-01-25T20:32:04-04:00 ERR (3): []
2021-01-25T20:32:05-04:00 ERR (3): []
2021-01-25T20:32:13-04:00 ERR (3): cliente select SELECT "cl"."id_cliente" AS "id", "cl"."nombre", "cl"."nit", "cl"."tipo", "cl"."deuda" FROM "cliente" AS "cl" ORDER BY "nombre" ASC LIMIT 20
2021-01-25T20:32:23-04:00 ERR (3): cliente select SELECT "cl"."id_cliente" AS "id", "cl"."nombre", "cl"."nit", "cl"."tipo", "cl"."deuda" FROM "cliente" AS "cl" WHERE (cl.tipo = 'Coorporativo') ORDER BY "nombre" ASC LIMIT 20
2021-01-25T20:33:00-04:00 ERR (3): cliente select SELECT "cl"."id_cliente" AS "id", "cl"."nombre", "cl"."nit", "cl"."tipo", "cl"."deuda" FROM "cliente" AS "cl" ORDER BY "nombre" ASC LIMIT 20
2021-01-25T20:33:06-04:00 ERR (3): cliente select SELECT "cl"."id_cliente" AS "id", "cl"."nombre", "cl"."nit", "cl"."tipo", "cl"."deuda" FROM "cliente" AS "cl" WHERE (cl.tipo = 'Coorporativo') ORDER BY "nombre" ASC LIMIT 20
2021-01-25T20:33:15-04:00 ERR (3): cliente select SELECT "cl"."id_cliente" AS "id", "cl"."nombre", "cl"."nit", "cl"."tipo", "cl"."deuda" FROM "cliente" AS "cl" WHERE (cl.tipo = 'Normal') ORDER BY "nombre" ASC LIMIT 20
2021-01-25T20:33:21-04:00 ERR (3): cliente select SELECT "cl"."id_cliente" AS "id", "cl"."nombre", "cl"."nit", "cl"."tipo", "cl"."deuda" FROM "cliente" AS "cl" WHERE (cl.tipo = 'Coorporativo') ORDER BY "nombre" ASC LIMIT 20
2021-01-25T20:33:24-04:00 ERR (3): cliente select SELECT "cl"."id_cliente" AS "id", "cl"."nombre", "cl"."nit", "cl"."tipo", "cl"."deuda" FROM "cliente" AS "cl" ORDER BY "nombre" ASC LIMIT 20
2021-01-25T20:33:45-04:00 ERR (3): [{"nombre":"BURGOS","nit":"6638626016","tipo":"normal"}]
2021-01-25T20:34:13-04:00 ERR (3): [{"nombre":"BURGOS","nit":"6638626016","tipo":"normal"}]
2021-01-25T20:34:58-04:00 ERR (3): Error inserting client#0 /var/www/test/Encomiendas/library/Zend/Db/Statement.php(300): Zend_Db_Statement_Pdo->_execute(Array)
#1 /var/www/test/Encomiendas/library/Zend/Db/Adapter/Abstract.php(468): Zend_Db_Statement->execute(Array)
#2 /var/www/test/Encomiendas/library/Zend/Db/Adapter/Pdo/Abstract.php(238): Zend_Db_Adapter_Abstract->query('INSERT INTO "cl...', Array)
#3 /var/www/test/Encomiendas/library/Zend/Db/Adapter/Abstract.php(546): Zend_Db_Adapter_Pdo_Abstract->query('INSERT INTO "cl...', Array)
#4 /var/www/test/Encomiendas/library/Zend/Db/Table/Abstract.php(1056): Zend_Db_Adapter_Abstract->insert('cliente', Array)
#5 /var/www/test/Encomiendas/application/controllers/RecepcionController.php(155): Zend_Db_Table_Abstract->insert(Array)
#6 /var/www/test/Encomiendas/library/Zend/Controller/Action.php(513): RecepcionController->saveAction()
#7 /var/www/test/Encomiendas/library/Zend/Controller/Dispatcher/Standard.php(289): Zend_Controller_Action->dispatch('saveAction')
#8 /var/www/test/Encomiendas/library/Zend/Controller/Front.php(954): Zend_Controller_Dispatcher_Standard->dispatch(Object(Zend_Controller_Request_Http), Object(Zend_Controller_Response_Http))
#9 /var/www/test/Encomiendas/library/Zend/Application/Bootstrap/Bootstrap.php(97): Zend_Controller_Front->dispatch()
#10 /var/www/test/Encomiendas/library/Zend/Application.php(366): Zend_Application_Bootstrap_Bootstrap->run()
#11 /var/www/test/Encomiendas/public/index.php(26): Zend_Application->run()
#12 {main}
2021-01-25T20:34:58-04:00 INFO (6): SELECT "d"."id_datos_factura", "d"."sucursal", "d"."autorizacion", "d"."llave", "d"."inicio", "d"."numero_factura", "d"."fecha_limite", "d"."autoimpresor", "d"."estado", "d"."fin", "d"."leyenda_secundaria" FROM "datos_factura" AS "d" WHERE (llave<>'Manual') AND (fecha_limite>='2021-01-25') AND (estado='Activo') AND (sucursal='suc-103') AND (sistema='ENCOMIENDA')
2021-01-25T20:38:44-04:00 ERR (3): cliente select SELECT "cl"."id_cliente" AS "id", "cl"."nombre", "cl"."nit", "cl"."tipo", "cl"."deuda" FROM "cliente" AS "cl" ORDER BY "nombre" ASC LIMIT 20
2021-01-25T20:38:50-04:00 ERR (3): cliente select SELECT "cl"."id_cliente" AS "id", "cl"."nombre", "cl"."nit", "cl"."tipo", "cl"."deuda" FROM "cliente" AS "cl" WHERE (cl.tipo = 'Coorporativo') ORDER BY "nombre" ASC LIMIT 20
2021-01-25T20:39:02-04:00 ERR (3): [{"nombre":"BURGOS","nit":"6638626016","tipo":"normal"}]
2021-01-25T20:39:07-04:00 ERR (3): cliente select SELECT "cl"."id_cliente" AS "id", "cl"."nombre", "cl"."nit", "cl"."tipo", "cl"."deuda" FROM "cliente" AS "cl" ORDER BY "nombre" ASC LIMIT 20
2021-01-25T20:39:11-04:00 ERR (3): cliente select SELECT "cl"."id_cliente" AS "id", "cl"."nombre", "cl"."nit", "cl"."tipo", "cl"."deuda" FROM "cliente" AS "cl" WHERE (cl.tipo = 'Coorporativo') ORDER BY "nombre" ASC LIMIT 20
2021-01-25T20:39:25-04:00 ERR (3): []
2021-01-25T20:39:26-04:00 ERR (3): []
2021-01-25T20:39:29-04:00 ERR (3): []
2021-01-25T20:42:55-04:00 ERR (3): []
2021-01-25T20:42:56-04:00 ERR (3): []
2021-01-25T20:43:13-04:00 ERR (3): [{"nombre":"AGREDA ","nit":"810860017","tipo":"normal"},{"nombre":"ARIEL NAVIA ","nit":"8109654","tipo":"Coorporativo"},{"nombre":"CARLOS VILLAR GOMEZ ","nit":"8105709","tipo":"normal"},{"nombre":"CARMEN DE ZURITA ","nit":"810838","tipo":"normal"},{"nombre":"CASSAB","nit":"810704015","tipo":"normal"},{"nombre":"GLADYS URIONA SANDOVAL","nit":"810094","tipo":"normal"},{"nombre":"JESUS VILLARREAL ","nit":"810301","tipo":"normal"},{"nombre":"JOEL CABALLERO CAMACHO","nit":"810033","tipo":"normal"},{"nombre":"LUIS ALBERTO  MERCADO","nit":"810813","tipo":"normal"},{"nombre":"TORRICO","nit":"81072015","tipo":"normal"}]
2021-01-25T20:43:46-04:00 ERR (3): Error inserting client#0 /var/www/test/Encomiendas/library/Zend/Db/Statement.php(300): Zend_Db_Statement_Pdo->_execute(Array)
#1 /var/www/test/Encomiendas/library/Zend/Db/Adapter/Abstract.php(468): Zend_Db_Statement->execute(Array)
#2 /var/www/test/Encomiendas/library/Zend/Db/Adapter/Pdo/Abstract.php(238): Zend_Db_Adapter_Abstract->query('INSERT INTO "cl...', Array)
#3 /var/www/test/Encomiendas/library/Zend/Db/Adapter/Abstract.php(546): Zend_Db_Adapter_Pdo_Abstract->query('INSERT INTO "cl...', Array)
#4 /var/www/test/Encomiendas/library/Zend/Db/Table/Abstract.php(1056): Zend_Db_Adapter_Abstract->insert('cliente', Array)
#5 /var/www/test/Encomiendas/application/controllers/RecepcionController.php(155): Zend_Db_Table_Abstract->insert(Array)
#6 /var/www/test/Encomiendas/library/Zend/Controller/Action.php(513): RecepcionController->saveAction()
#7 /var/www/test/Encomiendas/library/Zend/Controller/Dispatcher/Standard.php(289): Zend_Controller_Action->dispatch('saveAction')
#8 /var/www/test/Encomiendas/library/Zend/Controller/Front.php(954): Zend_Controller_Dispatcher_Standard->dispatch(Object(Zend_Controller_Request_Http), Object(Zend_Controller_Response_Http))
#9 /var/www/test/Encomiendas/library/Zend/Application/Bootstrap/Bootstrap.php(97): Zend_Controller_Front->dispatch()
#10 /var/www/test/Encomiendas/library/Zend/Application.php(366): Zend_Application_Bootstrap_Bootstrap->run()
#11 /var/www/test/Encomiendas/public/index.php(26): Zend_Application->run()
#12 {main}
2021-01-25T20:44:32-04:00 ERR (3): Error inserting client#0 /var/www/test/Encomiendas/library/Zend/Db/Statement.php(300): Zend_Db_Statement_Pdo->_execute(Array)
#1 /var/www/test/Encomiendas/library/Zend/Db/Adapter/Abstract.php(468): Zend_Db_Statement->execute(Array)
#2 /var/www/test/Encomiendas/library/Zend/Db/Adapter/Pdo/Abstract.php(238): Zend_Db_Adapter_Abstract->query('INSERT INTO "cl...', Array)
#3 /var/www/test/Encomiendas/library/Zend/Db/Adapter/Abstract.php(546): Zend_Db_Adapter_Pdo_Abstract->query('INSERT INTO "cl...', Array)
#4 /var/www/test/Encomiendas/library/Zend/Db/Table/Abstract.php(1056): Zend_Db_Adapter_Abstract->insert('cliente', Array)
#5 /var/www/test/Encomiendas/application/controllers/RecepcionController.php(155): Zend_Db_Table_Abstract->insert(Array)
#6 /var/www/test/Encomiendas/library/Zend/Controller/Action.php(513): RecepcionController->saveAction()
#7 /var/www/test/Encomiendas/library/Zend/Controller/Dispatcher/Standard.php(289): Zend_Controller_Action->dispatch('saveAction')
#8 /var/www/test/Encomiendas/library/Zend/Controller/Front.php(954): Zend_Controller_Dispatcher_Standard->dispatch(Object(Zend_Controller_Request_Http), Object(Zend_Controller_Response_Http))
#9 /var/www/test/Encomiendas/library/Zend/Application/Bootstrap/Bootstrap.php(97): Zend_Controller_Front->dispatch()
#10 /var/www/test/Encomiendas/library/Zend/Application.php(366): Zend_Application_Bootstrap_Bootstrap->run()
#11 /var/www/test/Encomiendas/public/index.php(26): Zend_Application->run()
#12 {main}
2021-01-25T20:44:32-04:00 INFO (6): Saving Corporate dataCoorporativo
2021-01-25T20:44:32-04:00 INFO (6): Finding by nit 8109654
2021-01-25T20:45:57-04:00 ERR (3): cliente select SELECT "cl"."id_cliente" AS "id", "cl"."nombre", "cl"."nit", "cl"."tipo", "cl"."deuda" FROM "cliente" AS "cl" ORDER BY "nombre" ASC LIMIT 20
2021-01-25T20:46:00-04:00 ERR (3): cliente select SELECT "cl"."id_cliente" AS "id", "cl"."nombre", "cl"."nit", "cl"."tipo", "cl"."deuda" FROM "cliente" AS "cl" WHERE (cl.tipo = 'Coorporativo') ORDER BY "nombre" ASC LIMIT 20
2021-01-25T20:48:23-04:00 INFO (6): SELECT "d"."id_datos_factura", "d"."sucursal", "d"."autorizacion", "d"."llave", "d"."inicio", "d"."numero_factura", "d"."fecha_limite", "d"."autoimpresor", "d"."estado", "d"."fin", "d"."leyenda_secundaria" FROM "datos_factura" AS "d" WHERE (llave<>'Manual') AND (fecha_limite>='2021-01-25') AND (estado='Activo') AND (sucursal='suc-103') AND (sistema='ENCOMIENDA')
