2021-07-29T22:19:29-04:00 ERR (3): exception 'Zend_Controller_Dispatcher_Exception' with message 'Invalid controller specified (images)' in /var/www/test/Encomiendas/library/Zend/Controller/Dispatcher/Standard.php:242
Stack trace:
#0 /var/www/test/Encomiendas/library/Zend/Controller/Front.php(954): Zend_Controller_Dispatcher_Standard->dispatch(Object(Zend_Controller_Request_Http), Object(Zend_Controller_Response_Http))
#1 /var/www/test/Encomiendas/library/Zend/Application/Bootstrap/Bootstrap.php(97): Zend_Controller_Front->dispatch()
#2 /var/www/test/Encomiendas/library/Zend/Application.php(366): Zend_Application_Bootstrap_Bootstrap->run()
#3 /var/www/test/Encomiendas/public/index.php(26): Zend_Application->run()
#4 {main}
2021-07-29T22:31:43-04:00 ERR (3): [{"nombre":"LUIS  SANCHEZ","nit":"3455968","tipo":"normal"},{"nombre":"MENDEZ","nit":"3455512","tipo":"normal"},{"nombre":"SHIRLEY PERICON ","nit":"3455737","tipo":"normal"},{"nombre":"TEOFILA FERNANDEZ ","nit":"3455028","tipo":"normal"}]
2021-07-29T23:11:32-04:00 ERR (3): exception 'Zend_Controller_Dispatcher_Exception' with message 'Invalid controller specified (images)' in /var/www/test/Encomiendas/library/Zend/Controller/Dispatcher/Standard.php:242
Stack trace:
#0 /var/www/test/Encomiendas/library/Zend/Controller/Front.php(954): Zend_Controller_Dispatcher_Standard->dispatch(Object(Zend_Controller_Request_Http), Object(Zend_Controller_Response_Http))
#1 /var/www/test/Encomiendas/library/Zend/Application/Bootstrap/Bootstrap.php(97): Zend_Controller_Front->dispatch()
#2 /var/www/test/Encomiendas/library/Zend/Application.php(366): Zend_Application_Bootstrap_Bootstrap->run()
#3 /var/www/test/Encomiendas/public/index.php(26): Zend_Application->run()
#4 {main}
2021-07-29T23:11:36-04:00 ERR (3): [{"nombre":"YOVANA FLORES","nit":"88888888","tipo":"normal"}]
2021-07-29T23:12:05-04:00 ERR (3): Error inserting client#0 /var/www/test/Encomiendas/library/Zend/Db/Statement.php(300): Zend_Db_Statement_Pdo->_execute(Array)
#1 /var/www/test/Encomiendas/library/Zend/Db/Adapter/Abstract.php(468): Zend_Db_Statement->execute(Array)
#2 /var/www/test/Encomiendas/library/Zend/Db/Adapter/Pdo/Abstract.php(238): Zend_Db_Adapter_Abstract->query('INSERT INTO "cl...', Array)
#3 /var/www/test/Encomiendas/library/Zend/Db/Adapter/Abstract.php(546): Zend_Db_Adapter_Pdo_Abstract->query('INSERT INTO "cl...', Array)
#4 /var/www/test/Encomiendas/library/Zend/Db/Table/Abstract.php(1056): Zend_Db_Adapter_Abstract->insert('cliente', Array)
#5 /var/www/test/Encomiendas/application/controllers/RecepcionController.php(155): Zend_Db_Table_Abstract->insert(Array)
#6 /var/www/test/Encomiendas/library/Zend/Controller/Action.php(513): RecepcionController->saveAction()
#7 /var/www/test/Encomiendas/library/Zend/Controller/Dispatcher/Standard.php(289): Zend_Controller_Action->dispatch('saveAction')
#8 /var/www/test/Encomiendas/library/Zend/Controller/Front.php(954): Zend_Controller_Dispatcher_Standard->dispatch(Object(Zend_Controller_Request_Http), Object(Zend_Controller_Response_Http))
#9 /var/www/test/Encomiendas/library/Zend/Application/Bootstrap/Bootstrap.php(97): Zend_Controller_Front->dispatch()
#10 /var/www/test/Encomiendas/library/Zend/Application.php(366): Zend_Application_Bootstrap_Bootstrap->run()
#11 /var/www/test/Encomiendas/public/index.php(26): Zend_Application->run()
#12 {main}
2021-07-29T23:12:47-04:00 ERR (3): Error inserting client#0 /var/www/test/Encomiendas/library/Zend/Db/Statement.php(300): Zend_Db_Statement_Pdo->_execute(Array)
#1 /var/www/test/Encomiendas/library/Zend/Db/Adapter/Abstract.php(468): Zend_Db_Statement->execute(Array)
#2 /var/www/test/Encomiendas/library/Zend/Db/Adapter/Pdo/Abstract.php(238): Zend_Db_Adapter_Abstract->query('INSERT INTO "cl...', Array)
#3 /var/www/test/Encomiendas/library/Zend/Db/Adapter/Abstract.php(546): Zend_Db_Adapter_Pdo_Abstract->query('INSERT INTO "cl...', Array)
#4 /var/www/test/Encomiendas/library/Zend/Db/Table/Abstract.php(1056): Zend_Db_Adapter_Abstract->insert('cliente', Array)
#5 /var/www/test/Encomiendas/application/controllers/RecepcionController.php(155): Zend_Db_Table_Abstract->insert(Array)
#6 /var/www/test/Encomiendas/library/Zend/Controller/Action.php(513): RecepcionController->saveAction()
#7 /var/www/test/Encomiendas/library/Zend/Controller/Dispatcher/Standard.php(289): Zend_Controller_Action->dispatch('saveAction')
#8 /var/www/test/Encomiendas/library/Zend/Controller/Front.php(954): Zend_Controller_Dispatcher_Standard->dispatch(Object(Zend_Controller_Request_Http), Object(Zend_Controller_Response_Http))
#9 /var/www/test/Encomiendas/library/Zend/Application/Bootstrap/Bootstrap.php(97): Zend_Controller_Front->dispatch()
#10 /var/www/test/Encomiendas/library/Zend/Application.php(366): Zend_Application_Bootstrap_Bootstrap->run()
#11 /var/www/test/Encomiendas/public/index.php(26): Zend_Application->run()
#12 {main}
2021-07-29T23:12:47-04:00 INFO (6): SELECT "d"."id_datos_factura", "d"."sucursal", "d"."autorizacion", "d"."llave", "d"."inicio", "d"."numero_factura", "d"."fecha_limite", "d"."autoimpresor", "d"."estado", "d"."fin", "d"."leyenda_secundaria" FROM "datos_factura" AS "d" WHERE (llave<>'Manual') AND (fecha_limite>='2021-07-29') AND (estado='Activo') AND (sucursal='suc-103') AND (sistema='ENCOMIENDA')
2021-07-29T23:15:19-04:00 ERR (3): exception 'Zend_Controller_Dispatcher_Exception' with message 'Invalid controller specified (images)' in /var/www/test/Encomiendas/library/Zend/Controller/Dispatcher/Standard.php:242
Stack trace:
#0 /var/www/test/Encomiendas/library/Zend/Controller/Front.php(954): Zend_Controller_Dispatcher_Standard->dispatch(Object(Zend_Controller_Request_Http), Object(Zend_Controller_Response_Http))
#1 /var/www/test/Encomiendas/library/Zend/Application/Bootstrap/Bootstrap.php(97): Zend_Controller_Front->dispatch()
#2 /var/www/test/Encomiendas/library/Zend/Application.php(366): Zend_Application_Bootstrap_Bootstrap->run()
#3 /var/www/test/Encomiendas/public/index.php(26): Zend_Application->run()
#4 {main}
2021-07-29T23:15:25-04:00 ERR (3): [{"nombre":"YOVANA FLORES","nit":"88888888","tipo":"normal"}]
2021-07-29T23:15:54-04:00 ERR (3): Error inserting client#0 /var/www/test/Encomiendas/library/Zend/Db/Statement.php(300): Zend_Db_Statement_Pdo->_execute(Array)
#1 /var/www/test/Encomiendas/library/Zend/Db/Adapter/Abstract.php(468): Zend_Db_Statement->execute(Array)
#2 /var/www/test/Encomiendas/library/Zend/Db/Adapter/Pdo/Abstract.php(238): Zend_Db_Adapter_Abstract->query('INSERT INTO "cl...', Array)
#3 /var/www/test/Encomiendas/library/Zend/Db/Adapter/Abstract.php(546): Zend_Db_Adapter_Pdo_Abstract->query('INSERT INTO "cl...', Array)
#4 /var/www/test/Encomiendas/library/Zend/Db/Table/Abstract.php(1056): Zend_Db_Adapter_Abstract->insert('cliente', Array)
#5 /var/www/test/Encomiendas/application/controllers/RecepcionController.php(155): Zend_Db_Table_Abstract->insert(Array)
#6 /var/www/test/Encomiendas/library/Zend/Controller/Action.php(513): RecepcionController->saveAction()
#7 /var/www/test/Encomiendas/library/Zend/Controller/Dispatcher/Standard.php(289): Zend_Controller_Action->dispatch('saveAction')
#8 /var/www/test/Encomiendas/library/Zend/Controller/Front.php(954): Zend_Controller_Dispatcher_Standard->dispatch(Object(Zend_Controller_Request_Http), Object(Zend_Controller_Response_Http))
#9 /var/www/test/Encomiendas/library/Zend/Application/Bootstrap/Bootstrap.php(97): Zend_Controller_Front->dispatch()
#10 /var/www/test/Encomiendas/library/Zend/Application.php(366): Zend_Application_Bootstrap_Bootstrap->run()
#11 /var/www/test/Encomiendas/public/index.php(26): Zend_Application->run()
#12 {main}
2021-07-29T23:15:55-04:00 INFO (6): SELECT "d"."id_datos_factura", "d"."sucursal", "d"."autorizacion", "d"."llave", "d"."inicio", "d"."numero_factura", "d"."fecha_limite", "d"."autoimpresor", "d"."estado", "d"."fin", "d"."leyenda_secundaria" FROM "datos_factura" AS "d" WHERE (llave<>'Manual') AND (fecha_limite>='2021-07-29') AND (estado='Activo') AND (sucursal='suc-103') AND (sistema='ENCOMIENDA')
