2021-01-22T06:28:28-04:00 ERR (3): cliente select SELECT "cl"."id_cliente" AS "id", "cl"."nombre", "cl"."nit", "cl"."tipo", "cl"."deuda" FROM "cliente" AS "cl" ORDER BY "nombre" ASC LIMIT 20
2021-01-22T06:28:41-04:00 ERR (3): cliente select SELECT "cl"."id_cliente" AS "id", "cl"."nombre", "cl"."nit", "cl"."tipo", "cl"."deuda" FROM "cliente" AS "cl" WHERE (cl.tipo = 'Coorporativo') ORDER BY "nombre" ASC LIMIT 20
2021-01-22T06:56:17-04:00 ERR (3): cliente select SELECT "cl"."id_cliente" AS "id", "cl"."nombre", "cl"."nit", "cl"."tipo", "cl"."deuda" FROM "cliente" AS "cl" ORDER BY "nombre" ASC LIMIT 20
2021-01-22T06:56:41-04:00 ERR (3): cliente select SELECT "cl"."id_cliente" AS "id", "cl"."nombre", "cl"."nit", "cl"."tipo", "cl"."deuda" FROM "cliente" AS "cl" WHERE (cl.tipo = 'Coorporativo') ORDER BY "nombre" ASC LIMIT 20
2021-01-22T06:56:52-04:00 INFO (6): SELECT "d"."id_datos_factura", "d"."sucursal", "d"."autorizacion", "d"."llave", "d"."inicio", "d"."numero_factura", "d"."fecha_limite", "d"."autoimpresor", "d"."estado", "d"."fin", "d"."leyenda_secundaria" FROM "datos_factura" AS "d" WHERE (llave<>'Manual') AND (fecha_limite>='2021-01-22') AND (estado='Activo') AND (sucursal='suc-103') AND (sistema='ENCOMIENDA')
2021-01-22T06:59:27-04:00 ERR (3): cliente select SELECT "cl"."id_cliente" AS "id", "cl"."nombre", "cl"."nit", "cl"."tipo", "cl"."deuda" FROM "cliente" AS "cl" WHERE (cl.tipo = 'Coorporativo') ORDER BY "nombre" ASC LIMIT 20
2021-01-22T06:59:41-04:00 ERR (3): cliente select SELECT "cl"."id_cliente" AS "id", "cl"."nombre", "cl"."nit", "cl"."tipo", "cl"."deuda" FROM "cliente" AS "cl" ORDER BY "nombre" ASC LIMIT 20
2021-01-22T06:59:45-04:00 ERR (3): cliente select SELECT "cl"."id_cliente" AS "id", "cl"."nombre", "cl"."nit", "cl"."tipo", "cl"."deuda" FROM "cliente" AS "cl" WHERE (cl.tipo = 'Coorporativo') ORDER BY "nombre" ASC LIMIT 20
2021-01-22T06:59:56-04:00 INFO (6): SELECT "d"."id_datos_factura", "d"."sucursal", "d"."autorizacion", "d"."llave", "d"."inicio", "d"."numero_factura", "d"."fecha_limite", "d"."autoimpresor", "d"."estado", "d"."fin", "d"."leyenda_secundaria" FROM "datos_factura" AS "d" WHERE (llave<>'Manual') AND (fecha_limite>='2021-01-22') AND (estado='Activo') AND (sucursal='suc-103') AND (sistema='ENCOMIENDA')
2021-01-22T07:00:39-04:00 ERR (3): cliente select SELECT "cl"."id_cliente" AS "id", "cl"."nombre", "cl"."nit", "cl"."tipo", "cl"."deuda" FROM "cliente" AS "cl" WHERE (cl.tipo = 'Coorporativo') ORDER BY "nombre" ASC LIMIT 20
2021-01-22T07:01:05-04:00 INFO (6): SELECT "d"."id_datos_factura", "d"."sucursal", "d"."autorizacion", "d"."llave", "d"."inicio", "d"."numero_factura", "d"."fecha_limite", "d"."autoimpresor", "d"."estado", "d"."fin", "d"."leyenda_secundaria" FROM "datos_factura" AS "d" WHERE (llave<>'Manual') AND (fecha_limite>='2021-01-22') AND (estado='Activo') AND (sucursal='suc-103') AND (sistema='ENCOMIENDA')
2021-01-22T07:03:41-04:00 ERR (3): cliente select SELECT "cl"."id_cliente" AS "id", "cl"."nombre", "cl"."nit", "cl"."tipo", "cl"."deuda" FROM "cliente" AS "cl" ORDER BY "nombre" ASC LIMIT 20
2021-01-22T07:03:46-04:00 ERR (3): cliente select SELECT "cl"."id_cliente" AS "id", "cl"."nombre", "cl"."nit", "cl"."tipo", "cl"."deuda" FROM "cliente" AS "cl" WHERE (cl.tipo = 'Coorporativo') ORDER BY "nombre" ASC LIMIT 20
2021-01-22T07:04:01-04:00 INFO (6): SELECT "d"."id_datos_factura", "d"."sucursal", "d"."autorizacion", "d"."llave", "d"."inicio", "d"."numero_factura", "d"."fecha_limite", "d"."autoimpresor", "d"."estado", "d"."fin", "d"."leyenda_secundaria" FROM "datos_factura" AS "d" WHERE (llave<>'Manual') AND (fecha_limite>='2021-01-22') AND (estado='Activo') AND (sucursal='suc-103') AND (sistema='ENCOMIENDA')
2021-01-22T07:06:07-04:00 ERR (3): cliente select SELECT "cl"."id_cliente" AS "id", "cl"."nombre", "cl"."nit", "cl"."tipo", "cl"."deuda" FROM "cliente" AS "cl" ORDER BY "nombre" ASC LIMIT 20
2021-01-22T07:06:13-04:00 ERR (3): cliente select SELECT "cl"."id_cliente" AS "id", "cl"."nombre", "cl"."nit", "cl"."tipo", "cl"."deuda" FROM "cliente" AS "cl" WHERE (cl.tipo = 'Coorporativo') ORDER BY "nombre" ASC LIMIT 20
2021-01-22T07:06:19-04:00 INFO (6): SELECT "d"."id_datos_factura", "d"."sucursal", "d"."autorizacion", "d"."llave", "d"."inicio", "d"."numero_factura", "d"."fecha_limite", "d"."autoimpresor", "d"."estado", "d"."fin", "d"."leyenda_secundaria" FROM "datos_factura" AS "d" WHERE (llave<>'Manual') AND (fecha_limite>='2021-01-22') AND (estado='Activo') AND (sucursal='suc-103') AND (sistema='ENCOMIENDA')
2021-01-22T07:08:33-04:00 ERR (3): cliente select SELECT "cl"."id_cliente" AS "id", "cl"."nombre", "cl"."nit", "cl"."tipo", "cl"."deuda" FROM "cliente" AS "cl" WHERE (cl.tipo = 'Coorporativo') ORDER BY "nombre" ASC LIMIT 20
2021-01-22T08:07:08-04:00 ERR (3): exception 'PDOException' with message 'SQLSTATE[22007]: Invalid datetime format: 7 ERROR:  invalid input syntax for type date: "22/01/am"
LINE 3: ...d_destino=v.destino and h.hora=v.hora and v.fecha='22/01/am'...
                                                             ^' in /var/www/test/Encomiendas/library/Zend/Db/Statement/Pdo.php:228
Stack trace:
#0 /var/www/test/Encomiendas/library/Zend/Db/Statement/Pdo.php(228): PDOStatement->execute(Array)
#1 /var/www/test/Encomiendas/library/Zend/Db/Statement.php(300): Zend_Db_Statement_Pdo->_execute(Array)
#2 /var/www/test/Encomiendas/library/Zend/Db/Adapter/Abstract.php(468): Zend_Db_Statement->execute(Array)
#3 /var/www/test/Encomiendas/library/Zend/Db/Adapter/Pdo/Abstract.php(238): Zend_Db_Adapter_Abstract->query(Object(Zend_Db_Select), Array)
#4 /var/www/test/Encomiendas/library/Zend/Db/Adapter/Abstract.php(706): Zend_Db_Adapter_Pdo_Abstract->query(Object(Zend_Db_Select), Array)
#5 /var/www/test/Encomiendas/application/models/Itinerario.php(42): Zend_Db_Adapter_Abstract->fetchAll(Object(Zend_Db_Select))
#6 /var/www/test/Encomiendas/application/controllers/EnvioController.php(47): App_Model_Itinerario->getItinerario('22/01/am', 'ciu-100', 'ciu-107')
#7 /var/www/test/Encomiendas/library/Zend/Controller/Action.php(513): EnvioController->showItinerarioAction()
#8 /var/www/test/Encomiendas/library/Zend/Controller/Dispatcher/Standard.php(289): Zend_Controller_Action->dispatch('showItinerarioA...')
#9 /var/www/test/Encomiendas/library/Zend/Controller/Front.php(954): Zend_Controller_Dispatcher_Standard->dispatch(Object(Zend_Controller_Request_Http), Object(Zend_Controller_Response_Http))
#10 /var/www/test/Encomiendas/library/Zend/Application/Bootstrap/Bootstrap.php(97): Zend_Controller_Front->dispatch()
#11 /var/www/test/Encomiendas/library/Zend/Application.php(366): Zend_Application_Bootstrap_Bootstrap->run()
#12 /var/www/test/Encomiendas/public/index.php(26): Zend_Application->run()
#13 {main}

Next exception 'Zend_Db_Statement_Exception' with message 'SQLSTATE[22007]: Invalid datetime format: 7 ERROR:  invalid input syntax for type date: "22/01/am"
LINE 3: ...d_destino=v.destino and h.hora=v.hora and v.fecha='22/01/am'...
                                                             ^' in /var/www/test/Encomiendas/library/Zend/Db/Statement/Pdo.php:234
Stack trace:
#0 /var/www/test/Encomiendas/library/Zend/Db/Statement.php(300): Zend_Db_Statement_Pdo->_execute(Array)
#1 /var/www/test/Encomiendas/library/Zend/Db/Adapter/Abstract.php(468): Zend_Db_Statement->execute(Array)
#2 /var/www/test/Encomiendas/library/Zend/Db/Adapter/Pdo/Abstract.php(238): Zend_Db_Adapter_Abstract->query(Object(Zend_Db_Select), Array)
#3 /var/www/test/Encomiendas/library/Zend/Db/Adapter/Abstract.php(706): Zend_Db_Adapter_Pdo_Abstract->query(Object(Zend_Db_Select), Array)
#4 /var/www/test/Encomiendas/application/models/Itinerario.php(42): Zend_Db_Adapter_Abstract->fetchAll(Object(Zend_Db_Select))
#5 /var/www/test/Encomiendas/application/controllers/EnvioController.php(47): App_Model_Itinerario->getItinerario('22/01/am', 'ciu-100', 'ciu-107')
#6 /var/www/test/Encomiendas/library/Zend/Controller/Action.php(513): EnvioController->showItinerarioAction()
#7 /var/www/test/Encomiendas/library/Zend/Controller/Dispatcher/Standard.php(289): Zend_Controller_Action->dispatch('showItinerarioA...')
#8 /var/www/test/Encomiendas/library/Zend/Controller/Front.php(954): Zend_Controller_Dispatcher_Standard->dispatch(Object(Zend_Controller_Request_Http), Object(Zend_Controller_Response_Http))
#9 /var/www/test/Encomiendas/library/Zend/Application/Bootstrap/Bootstrap.php(97): Zend_Controller_Front->dispatch()
#10 /var/www/test/Encomiendas/library/Zend/Application.php(366): Zend_Application_Bootstrap_Bootstrap->run()
#11 /var/www/test/Encomiendas/public/index.php(26): Zend_Application->run()
#12 {main}
2021-01-22T08:07:32-04:00 ERR (3): exception 'PDOException' with message 'SQLSTATE[22007]: Invalid datetime format: 7 ERROR:  invalid input syntax for type date: "22/01/am"
LINE 3: ...d_destino=v.destino and h.hora=v.hora and v.fecha='22/01/am'...
                                                             ^' in /var/www/test/Encomiendas/library/Zend/Db/Statement/Pdo.php:228
Stack trace:
#0 /var/www/test/Encomiendas/library/Zend/Db/Statement/Pdo.php(228): PDOStatement->execute(Array)
#1 /var/www/test/Encomiendas/library/Zend/Db/Statement.php(300): Zend_Db_Statement_Pdo->_execute(Array)
#2 /var/www/test/Encomiendas/library/Zend/Db/Adapter/Abstract.php(468): Zend_Db_Statement->execute(Array)
#3 /var/www/test/Encomiendas/library/Zend/Db/Adapter/Pdo/Abstract.php(238): Zend_Db_Adapter_Abstract->query(Object(Zend_Db_Select), Array)
#4 /var/www/test/Encomiendas/library/Zend/Db/Adapter/Abstract.php(706): Zend_Db_Adapter_Pdo_Abstract->query(Object(Zend_Db_Select), Array)
#5 /var/www/test/Encomiendas/application/models/Itinerario.php(42): Zend_Db_Adapter_Abstract->fetchAll(Object(Zend_Db_Select))
#6 /var/www/test/Encomiendas/application/controllers/EnvioController.php(47): App_Model_Itinerario->getItinerario('22/01/am', 'ciu-100', 'ciu-107')
#7 /var/www/test/Encomiendas/library/Zend/Controller/Action.php(513): EnvioController->showItinerarioAction()
#8 /var/www/test/Encomiendas/library/Zend/Controller/Dispatcher/Standard.php(289): Zend_Controller_Action->dispatch('showItinerarioA...')
#9 /var/www/test/Encomiendas/library/Zend/Controller/Front.php(954): Zend_Controller_Dispatcher_Standard->dispatch(Object(Zend_Controller_Request_Http), Object(Zend_Controller_Response_Http))
#10 /var/www/test/Encomiendas/library/Zend/Application/Bootstrap/Bootstrap.php(97): Zend_Controller_Front->dispatch()
#11 /var/www/test/Encomiendas/library/Zend/Application.php(366): Zend_Application_Bootstrap_Bootstrap->run()
#12 /var/www/test/Encomiendas/public/index.php(26): Zend_Application->run()
#13 {main}

Next exception 'Zend_Db_Statement_Exception' with message 'SQLSTATE[22007]: Invalid datetime format: 7 ERROR:  invalid input syntax for type date: "22/01/am"
LINE 3: ...d_destino=v.destino and h.hora=v.hora and v.fecha='22/01/am'...
                                                             ^' in /var/www/test/Encomiendas/library/Zend/Db/Statement/Pdo.php:234
Stack trace:
#0 /var/www/test/Encomiendas/library/Zend/Db/Statement.php(300): Zend_Db_Statement_Pdo->_execute(Array)
#1 /var/www/test/Encomiendas/library/Zend/Db/Adapter/Abstract.php(468): Zend_Db_Statement->execute(Array)
#2 /var/www/test/Encomiendas/library/Zend/Db/Adapter/Pdo/Abstract.php(238): Zend_Db_Adapter_Abstract->query(Object(Zend_Db_Select), Array)
#3 /var/www/test/Encomiendas/library/Zend/Db/Adapter/Abstract.php(706): Zend_Db_Adapter_Pdo_Abstract->query(Object(Zend_Db_Select), Array)
#4 /var/www/test/Encomiendas/application/models/Itinerario.php(42): Zend_Db_Adapter_Abstract->fetchAll(Object(Zend_Db_Select))
#5 /var/www/test/Encomiendas/application/controllers/EnvioController.php(47): App_Model_Itinerario->getItinerario('22/01/am', 'ciu-100', 'ciu-107')
#6 /var/www/test/Encomiendas/library/Zend/Controller/Action.php(513): EnvioController->showItinerarioAction()
#7 /var/www/test/Encomiendas/library/Zend/Controller/Dispatcher/Standard.php(289): Zend_Controller_Action->dispatch('showItinerarioA...')
#8 /var/www/test/Encomiendas/library/Zend/Controller/Front.php(954): Zend_Controller_Dispatcher_Standard->dispatch(Object(Zend_Controller_Request_Http), Object(Zend_Controller_Response_Http))
#9 /var/www/test/Encomiendas/library/Zend/Application/Bootstrap/Bootstrap.php(97): Zend_Controller_Front->dispatch()
#10 /var/www/test/Encomiendas/library/Zend/Application.php(366): Zend_Application_Bootstrap_Bootstrap->run()
#11 /var/www/test/Encomiendas/public/index.php(26): Zend_Application->run()
#12 {main}
2021-01-22T08:08:28-04:00 ERR (3): exception 'PDOException' with message 'SQLSTATE[22007]: Invalid datetime format: 7 ERROR:  invalid input syntax for type date: "22/01/am"
LINE 3: ...d_destino=v.destino and h.hora=v.hora and v.fecha='22/01/am'...
                                                             ^' in /var/www/test/Encomiendas/library/Zend/Db/Statement/Pdo.php:228
Stack trace:
#0 /var/www/test/Encomiendas/library/Zend/Db/Statement/Pdo.php(228): PDOStatement->execute(Array)
#1 /var/www/test/Encomiendas/library/Zend/Db/Statement.php(300): Zend_Db_Statement_Pdo->_execute(Array)
#2 /var/www/test/Encomiendas/library/Zend/Db/Adapter/Abstract.php(468): Zend_Db_Statement->execute(Array)
#3 /var/www/test/Encomiendas/library/Zend/Db/Adapter/Pdo/Abstract.php(238): Zend_Db_Adapter_Abstract->query(Object(Zend_Db_Select), Array)
#4 /var/www/test/Encomiendas/library/Zend/Db/Adapter/Abstract.php(706): Zend_Db_Adapter_Pdo_Abstract->query(Object(Zend_Db_Select), Array)
#5 /var/www/test/Encomiendas/application/models/Itinerario.php(42): Zend_Db_Adapter_Abstract->fetchAll(Object(Zend_Db_Select))
#6 /var/www/test/Encomiendas/application/controllers/EnvioController.php(47): App_Model_Itinerario->getItinerario('22/01/am', 'ciu-100', 'ciu-107')
#7 /var/www/test/Encomiendas/library/Zend/Controller/Action.php(513): EnvioController->showItinerarioAction()
#8 /var/www/test/Encomiendas/library/Zend/Controller/Dispatcher/Standard.php(289): Zend_Controller_Action->dispatch('showItinerarioA...')
#9 /var/www/test/Encomiendas/library/Zend/Controller/Front.php(954): Zend_Controller_Dispatcher_Standard->dispatch(Object(Zend_Controller_Request_Http), Object(Zend_Controller_Response_Http))
#10 /var/www/test/Encomiendas/library/Zend/Application/Bootstrap/Bootstrap.php(97): Zend_Controller_Front->dispatch()
#11 /var/www/test/Encomiendas/library/Zend/Application.php(366): Zend_Application_Bootstrap_Bootstrap->run()
#12 /var/www/test/Encomiendas/public/index.php(26): Zend_Application->run()
#13 {main}

Next exception 'Zend_Db_Statement_Exception' with message 'SQLSTATE[22007]: Invalid datetime format: 7 ERROR:  invalid input syntax for type date: "22/01/am"
LINE 3: ...d_destino=v.destino and h.hora=v.hora and v.fecha='22/01/am'...
                                                             ^' in /var/www/test/Encomiendas/library/Zend/Db/Statement/Pdo.php:234
Stack trace:
#0 /var/www/test/Encomiendas/library/Zend/Db/Statement.php(300): Zend_Db_Statement_Pdo->_execute(Array)
#1 /var/www/test/Encomiendas/library/Zend/Db/Adapter/Abstract.php(468): Zend_Db_Statement->execute(Array)
#2 /var/www/test/Encomiendas/library/Zend/Db/Adapter/Pdo/Abstract.php(238): Zend_Db_Adapter_Abstract->query(Object(Zend_Db_Select), Array)
#3 /var/www/test/Encomiendas/library/Zend/Db/Adapter/Abstract.php(706): Zend_Db_Adapter_Pdo_Abstract->query(Object(Zend_Db_Select), Array)
#4 /var/www/test/Encomiendas/application/models/Itinerario.php(42): Zend_Db_Adapter_Abstract->fetchAll(Object(Zend_Db_Select))
#5 /var/www/test/Encomiendas/application/controllers/EnvioController.php(47): App_Model_Itinerario->getItinerario('22/01/am', 'ciu-100', 'ciu-107')
#6 /var/www/test/Encomiendas/library/Zend/Controller/Action.php(513): EnvioController->showItinerarioAction()
#7 /var/www/test/Encomiendas/library/Zend/Controller/Dispatcher/Standard.php(289): Zend_Controller_Action->dispatch('showItinerarioA...')
#8 /var/www/test/Encomiendas/library/Zend/Controller/Front.php(954): Zend_Controller_Dispatcher_Standard->dispatch(Object(Zend_Controller_Request_Http), Object(Zend_Controller_Response_Http))
#9 /var/www/test/Encomiendas/library/Zend/Application/Bootstrap/Bootstrap.php(97): Zend_Controller_Front->dispatch()
#10 /var/www/test/Encomiendas/library/Zend/Application.php(366): Zend_Application_Bootstrap_Bootstrap->run()
#11 /var/www/test/Encomiendas/public/index.php(26): Zend_Application->run()
#12 {main}
