2021-01-13T15:52:32-04:00 ERR (3): cliente select SELECT "cl"."id_cliente" AS "id", "cl"."nombre", "cl"."nit", "cl"."tipo", "cl"."deuda" FROM "cliente" AS "cl" ORDER BY "nombre" ASC LIMIT 20
2021-01-13T15:52:48-04:00 ERR (3): cliente select SELECT "cl"."id_cliente" AS "id", "cl"."nombre", "cl"."nit", "cl"."tipo", "cl"."deuda" FROM "cliente" AS "cl" WHERE (cl.tipo = 'Coorporativo') ORDER BY "nombre" ASC LIMIT 20
2021-01-13T15:53:06-04:00 ERR (3): exception 'PDOException' with message 'SQLSTATE[08P01]: <<Unknown error>>: 7 ERROR:  bind message supplies 0 parameters, but prepared statement "pdo_stmt_00000001" requires 1' in /var/www/test/Encomiendas/library/Zend/Db/Statement/Pdo.php:228
Stack trace:
#0 /var/www/test/Encomiendas/library/Zend/Db/Statement/Pdo.php(228): PDOStatement->execute(Array)
#1 /var/www/test/Encomiendas/library/Zend/Db/Statement.php(300): Zend_Db_Statement_Pdo->_execute(Array)
#2 /var/www/test/Encomiendas/library/Zend/Db/Adapter/Abstract.php(468): Zend_Db_Statement->execute(Array)
#3 /var/www/test/Encomiendas/library/Zend/Db/Adapter/Pdo/Abstract.php(238): Zend_Db_Adapter_Abstract->query(Object(Zend_Db_Select), Array)
#4 /var/www/test/Encomiendas/library/Zend/Db/Adapter/Abstract.php(725): Zend_Db_Adapter_Pdo_Abstract->query(Object(Zend_Db_Select), Array)
#5 /var/www/test/Encomiendas/application/models/EncomiendaModel.php(1318): Zend_Db_Adapter_Abstract->fetchRow(Object(Zend_Db_Select))
#6 /var/www/test/Encomiendas/application/models/Cliente.php(180): App_Model_EncomiendaModel->getByIds('["enc-100933"]')
#7 /var/www/test/Encomiendas/application/controllers/ClientController.php(58): App_Model_Cliente->payPackages('["enc-100933"]')
#8 /var/www/test/Encomiendas/library/Zend/Controller/Action.php(513): ClientController->payPackagesAction()
#9 /var/www/test/Encomiendas/library/Zend/Controller/Dispatcher/Standard.php(289): Zend_Controller_Action->dispatch('payPackagesActi...')
#10 /var/www/test/Encomiendas/library/Zend/Controller/Front.php(954): Zend_Controller_Dispatcher_Standard->dispatch(Object(Zend_Controller_Request_Http), Object(Zend_Controller_Response_Http))
#11 /var/www/test/Encomiendas/library/Zend/Application/Bootstrap/Bootstrap.php(97): Zend_Controller_Front->dispatch()
#12 /var/www/test/Encomiendas/library/Zend/Application.php(366): Zend_Application_Bootstrap_Bootstrap->run()
#13 /var/www/test/Encomiendas/public/index.php(26): Zend_Application->run()
#14 {main}

Next exception 'Zend_Db_Statement_Exception' with message 'SQLSTATE[08P01]: <<Unknown error>>: 7 ERROR:  bind message supplies 0 parameters, but prepared statement "pdo_stmt_00000001" requires 1' in /var/www/test/Encomiendas/library/Zend/Db/Statement/Pdo.php:234
Stack trace:
#0 /var/www/test/Encomiendas/library/Zend/Db/Statement.php(300): Zend_Db_Statement_Pdo->_execute(Array)
#1 /var/www/test/Encomiendas/library/Zend/Db/Adapter/Abstract.php(468): Zend_Db_Statement->execute(Array)
#2 /var/www/test/Encomiendas/library/Zend/Db/Adapter/Pdo/Abstract.php(238): Zend_Db_Adapter_Abstract->query(Object(Zend_Db_Select), Array)
#3 /var/www/test/Encomiendas/library/Zend/Db/Adapter/Abstract.php(725): Zend_Db_Adapter_Pdo_Abstract->query(Object(Zend_Db_Select), Array)
#4 /var/www/test/Encomiendas/application/models/EncomiendaModel.php(1318): Zend_Db_Adapter_Abstract->fetchRow(Object(Zend_Db_Select))
#5 /var/www/test/Encomiendas/application/models/Cliente.php(180): App_Model_EncomiendaModel->getByIds('["enc-100933"]')
#6 /var/www/test/Encomiendas/application/controllers/ClientController.php(58): App_Model_Cliente->payPackages('["enc-100933"]')
#7 /var/www/test/Encomiendas/library/Zend/Controller/Action.php(513): ClientController->payPackagesAction()
#8 /var/www/test/Encomiendas/library/Zend/Controller/Dispatcher/Standard.php(289): Zend_Controller_Action->dispatch('payPackagesActi...')
#9 /var/www/test/Encomiendas/library/Zend/Controller/Front.php(954): Zend_Controller_Dispatcher_Standard->dispatch(Object(Zend_Controller_Request_Http), Object(Zend_Controller_Response_Http))
#10 /var/www/test/Encomiendas/library/Zend/Application/Bootstrap/Bootstrap.php(97): Zend_Controller_Front->dispatch()
#11 /var/www/test/Encomiendas/library/Zend/Application.php(366): Zend_Application_Bootstrap_Bootstrap->run()
#12 /var/www/test/Encomiendas/public/index.php(26): Zend_Application->run()
#13 {main}
2021-01-13T20:58:17-04:00 ERR (3): cliente select SELECT "cl"."id_cliente" AS "id", "cl"."nombre", "cl"."nit", "cl"."tipo", "cl"."deuda" FROM "cliente" AS "cl" ORDER BY "nombre" ASC LIMIT 20
2021-01-13T20:58:27-04:00 ERR (3): [{"nombre":"ADDRIAN TORRICO","nit":"12385027","tipo":"normal"},{"nombre":"ALBARO URQUIETA   ","nit":"1231212","tipo":"normal"},{"nombre":"ALBERTO  SORUCO","nit":"1236930","tipo":"normal"},{"nombre":"ANGEL PINTO","nit":"1239245","tipo":"normal"},{"nombre":"CALVETTY ","nit":"1236569","tipo":"normal"},{"nombre":"CIACNEN SRL","nit":"123189023","tipo":"normal"},{"nombre":"COSELECC ","nit":"123137029","tipo":"normal"},{"nombre":"DANIEL   GUTIERREZ","nit":"12355107","tipo":"normal"},{"nombre":"DARWIN IBA\u00d1EZ ","nit":"12378832","tipo":"normal"},{"nombre":"DARWIN  MIRANDA","nit":"12340500","tipo":"normal"},{"nombre":"DARWIN MIRANDA ","nit":"12340500013","tipo":"normal"},{"nombre":"DAVIS  GUTIERREZ ","nit":"1233584013","tipo":"normal"},{"nombre":"DENNIS LOPEZ ","nit":"12344571","tipo":"normal"},{"nombre":"EDGAR QUI\u00f1ONES","nit":"123456789123","tipo":"normal"},{"nombre":"EDGAR QUI\u00f1ONES","nit":"12344567891","tipo":"normal"},{"nombre":"ELECTROTELEFONIA  BOLIVIANA LTDA","nit":"123175020","tipo":"normal"},{"nombre":"ELIZABETH TITO MAMANI","nit":"1237599","tipo":"normal"},{"nombre":"FEDERACION ATLETICA DE BOLIVIA","nit":"123493024","tipo":"normal"},{"nombre":"FLORI ENRRIQUEZ CHAVEZ","nit":"12360019","tipo":"normal"},{"nombre":"GAM  ARANI","nit":"123611026","tipo":"normal"}]
2021-01-13T20:58:27-04:00 ERR (3): [{"nombre":"DARWIN  MIRANDA","nit":"12340500","tipo":"normal"},{"nombre":"DARWIN MIRANDA ","nit":"12340500013","tipo":"normal"},{"nombre":"DENNIS LOPEZ ","nit":"12344571","tipo":"normal"},{"nombre":"EDGAR QUI\u00f1ONES","nit":"12344567891","tipo":"normal"},{"nombre":"EDGAR QUI\u00f1ONES","nit":"123456789123","tipo":"normal"},{"nombre":"FEDERACION ATLETICA DE BOLIVIA","nit":"123493024","tipo":"normal"},{"nombre":"GUSTAVO RIVERA BALDERRAMA","nit":"123456","tipo":"normal"},{"nombre":"JOSUE  JHOEL HUANCA ROJAS","nit":"12342150","tipo":"normal"},{"nombre":"MACARIO GUEVARA CONDORI ","nit":"12343713","tipo":"normal"},{"nombre":"PABLO ALMAZAN ","nit":"12348145","tipo":"normal"},{"nombre":"PRUEBA","nit":"12345","tipo":"normal"},{"nombre":"PUEBA ","nit":"12345678","tipo":"normal"},{"nombre":"RICHARD VILLANUEVA","nit":"123456789999","tipo":"normal"},{"nombre":"RICHARD VILLANUEVA","nit":"123456789123456","tipo":"normal"},{"nombre":"RICHARD VILLANUEVA","nit":"1234567890","tipo":"normal"},{"nombre":"RICHARD VILLANUEVA","nit":"123456789","tipo":"normal"},{"nombre":"RIMER TAPIA TICLLA","nit":"12342200","tipo":"normal"},{"nombre":"ROSALBA DOMINGUEZ ","nit":"12343435013","tipo":"normal"},{"nombre":"WILLIAMS  JOBE","nit":"12343908","tipo":"normal"},{"nombre":"YINA   CRISTINA ENRIQUEZ PEREZ","nit":"12347574","tipo":"normal"}]
2021-01-13T20:58:27-04:00 ERR (3): []
2021-01-13T20:58:30-04:00 ERR (3): [{"nombre":"EDGAR QUI\u00f1ONES","nit":"123456789123","tipo":"normal"},{"nombre":"GUSTAVO RIVERA BALDERRAMA","nit":"123456","tipo":"normal"},{"nombre":"PRUEBA","nit":"12345","tipo":"normal"},{"nombre":"PUEBA ","nit":"12345678","tipo":"normal"},{"nombre":"RICHARD VILLANUEVA","nit":"123456789","tipo":"normal"},{"nombre":"RICHARD VILLANUEVA","nit":"1234567890","tipo":"normal"},{"nombre":"RICHARD VILLANUEVA","nit":"123456789123456","tipo":"normal"},{"nombre":"RICHARD VILLANUEVA","nit":"123456789999","tipo":"normal"}]
2021-01-13T20:59:19-04:00 ERR (3): Error inserting client#0 /var/www/test/Encomiendas/library/Zend/Db/Statement.php(300): Zend_Db_Statement_Pdo->_execute(Array)
#1 /var/www/test/Encomiendas/library/Zend/Db/Adapter/Abstract.php(468): Zend_Db_Statement->execute(Array)
#2 /var/www/test/Encomiendas/library/Zend/Db/Adapter/Pdo/Abstract.php(238): Zend_Db_Adapter_Abstract->query('INSERT INTO "cl...', Array)
#3 /var/www/test/Encomiendas/library/Zend/Db/Adapter/Abstract.php(546): Zend_Db_Adapter_Pdo_Abstract->query('INSERT INTO "cl...', Array)
#4 /var/www/test/Encomiendas/library/Zend/Db/Table/Abstract.php(1056): Zend_Db_Adapter_Abstract->insert('cliente', Array)
#5 /var/www/test/Encomiendas/application/controllers/RecepcionController.php(155): Zend_Db_Table_Abstract->insert(Array)
#6 /var/www/test/Encomiendas/library/Zend/Controller/Action.php(513): RecepcionController->saveAction()
#7 /var/www/test/Encomiendas/library/Zend/Controller/Dispatcher/Standard.php(289): Zend_Controller_Action->dispatch('saveAction')
#8 /var/www/test/Encomiendas/library/Zend/Controller/Front.php(954): Zend_Controller_Dispatcher_Standard->dispatch(Object(Zend_Controller_Request_Http), Object(Zend_Controller_Response_Http))
#9 /var/www/test/Encomiendas/library/Zend/Application/Bootstrap/Bootstrap.php(97): Zend_Controller_Front->dispatch()
#10 /var/www/test/Encomiendas/library/Zend/Application.php(366): Zend_Application_Bootstrap_Bootstrap->run()
#11 /var/www/test/Encomiendas/public/index.php(26): Zend_Application->run()
#12 {main}
2021-01-13T20:59:19-04:00 INFO (6): SELECT "d"."id_datos_factura", "d"."sucursal", "d"."autorizacion", "d"."llave", "d"."inicio", "d"."numero_factura", "d"."fecha_limite", "d"."autoimpresor", "d"."estado", "d"."fin", "d"."leyenda_secundaria" FROM "datos_factura" AS "d" WHERE (llave<>'Manual') AND (fecha_limite>='2021-01-13') AND (estado='Activo') AND (sucursal='suc-103') AND (sistema='ENCOMIENDA')
2021-01-13T21:00:48-04:00 ERR (3): cliente select SELECT "cl"."id_cliente" AS "id", "cl"."nombre", "cl"."nit", "cl"."tipo", "cl"."deuda" FROM "cliente" AS "cl" ORDER BY "nombre" ASC LIMIT 20
2021-01-13T21:03:20-04:00 ERR (3): []
2021-01-13T21:03:21-04:00 ERR (3): []
2021-01-13T21:03:23-04:00 ERR (3): [{"nombre":"ADDRIAN TORRICO","nit":"12385027","tipo":"normal"},{"nombre":"ALBARO URQUIETA   ","nit":"1231212","tipo":"normal"},{"nombre":"ALBERTO  SORUCO","nit":"1236930","tipo":"normal"},{"nombre":"ANGEL PINTO","nit":"1239245","tipo":"normal"},{"nombre":"CALVETTY ","nit":"1236569","tipo":"normal"},{"nombre":"CIACNEN SRL","nit":"123189023","tipo":"normal"},{"nombre":"COSELECC ","nit":"123137029","tipo":"normal"},{"nombre":"DANIEL   GUTIERREZ","nit":"12355107","tipo":"normal"},{"nombre":"DARWIN IBA\u00d1EZ ","nit":"12378832","tipo":"normal"},{"nombre":"DARWIN  MIRANDA","nit":"12340500","tipo":"normal"},{"nombre":"DARWIN MIRANDA ","nit":"12340500013","tipo":"normal"},{"nombre":"DAVIS  GUTIERREZ ","nit":"1233584013","tipo":"normal"},{"nombre":"DENNIS LOPEZ ","nit":"12344571","tipo":"normal"},{"nombre":"EDGAR QUI\u00f1ONES","nit":"123456789123","tipo":"normal"},{"nombre":"EDGAR QUI\u00f1ONES","nit":"12344567891","tipo":"normal"},{"nombre":"ELECTROTELEFONIA  BOLIVIANA LTDA","nit":"123175020","tipo":"normal"},{"nombre":"ELIZABETH TITO MAMANI","nit":"1237599","tipo":"normal"},{"nombre":"FEDERACION ATLETICA DE BOLIVIA","nit":"123493024","tipo":"normal"},{"nombre":"FLORI ENRRIQUEZ CHAVEZ","nit":"12360019","tipo":"normal"},{"nombre":"GAM  ARANI","nit":"123611026","tipo":"normal"}]
2021-01-13T21:03:24-04:00 ERR (3): [{"nombre":"DARWIN  MIRANDA","nit":"12340500","tipo":"normal"},{"nombre":"DARWIN MIRANDA ","nit":"12340500013","tipo":"normal"},{"nombre":"DENNIS LOPEZ ","nit":"12344571","tipo":"normal"},{"nombre":"EDGAR QUI\u00f1ONES","nit":"12344567891","tipo":"normal"},{"nombre":"EDGAR QUI\u00f1ONES","nit":"123456789123","tipo":"normal"},{"nombre":"FEDERACION ATLETICA DE BOLIVIA","nit":"123493024","tipo":"normal"},{"nombre":"GUSTAVO RIVERA BALDERRAMA","nit":"123456","tipo":"normal"},{"nombre":"JOSUE  JHOEL HUANCA ROJAS","nit":"12342150","tipo":"normal"},{"nombre":"MACARIO GUEVARA CONDORI ","nit":"12343713","tipo":"normal"},{"nombre":"PABLO ALMAZAN ","nit":"12348145","tipo":"normal"},{"nombre":"PRUEBA","nit":"12345","tipo":"normal"},{"nombre":"PUEBA ","nit":"12345678","tipo":"normal"},{"nombre":"RICHARD VILLANUEVA","nit":"123456789999","tipo":"normal"},{"nombre":"RICHARD VILLANUEVA","nit":"123456789123456","tipo":"normal"},{"nombre":"RICHARD VILLANUEVA","nit":"1234567890","tipo":"normal"},{"nombre":"RICHARD VILLANUEVA","nit":"123456789","tipo":"normal"},{"nombre":"RIMER TAPIA TICLLA","nit":"12342200","tipo":"normal"},{"nombre":"ROSALBA DOMINGUEZ ","nit":"12343435013","tipo":"normal"},{"nombre":"WILLIAMS  JOBE","nit":"12343908","tipo":"normal"},{"nombre":"YINA   CRISTINA ENRIQUEZ PEREZ","nit":"12347574","tipo":"normal"}]
2021-01-13T21:03:24-04:00 ERR (3): [{"nombre":"EDGAR QUI\u00f1ONES","nit":"123456789123","tipo":"normal"},{"nombre":"GUSTAVO RIVERA BALDERRAMA","nit":"123456","tipo":"normal"},{"nombre":"PRUEBA","nit":"12345","tipo":"normal"},{"nombre":"PUEBA ","nit":"12345678","tipo":"normal"},{"nombre":"RICHARD VILLANUEVA","nit":"123456789","tipo":"normal"},{"nombre":"RICHARD VILLANUEVA","nit":"1234567890","tipo":"normal"},{"nombre":"RICHARD VILLANUEVA","nit":"123456789123456","tipo":"normal"},{"nombre":"RICHARD VILLANUEVA","nit":"123456789999","tipo":"normal"}]
2021-01-13T21:41:47-04:00 ERR (3): cliente select SELECT "cl"."id_cliente" AS "id", "cl"."nombre", "cl"."nit", "cl"."tipo", "cl"."deuda" FROM "cliente" AS "cl" ORDER BY "nombre" ASC LIMIT 20
2021-01-13T21:42:02-04:00 ERR (3): cliente select SELECT "cl"."id_cliente" AS "id", "cl"."nombre", "cl"."nit", "cl"."tipo", "cl"."deuda" FROM "cliente" AS "cl" WHERE (cl.tipo = 'Coorporativo') ORDER BY "nombre" ASC LIMIT 20
2021-01-13T21:42:15-04:00 ERR (3): [{"nombre":"ARIEL NAVIA ","nit":"8109654","tipo":"Coorporativo"}]
2021-01-13T21:42:17-04:00 ERR (3): [{"nombre":"ARIEL NAVIA ","nit":"8109654","tipo":"Coorporativo"}]
2021-01-13T21:43:28-04:00 ERR (3): Error inserting client#0 /var/www/test/Encomiendas/library/Zend/Db/Statement.php(300): Zend_Db_Statement_Pdo->_execute(Array)
#1 /var/www/test/Encomiendas/library/Zend/Db/Adapter/Abstract.php(468): Zend_Db_Statement->execute(Array)
#2 /var/www/test/Encomiendas/library/Zend/Db/Adapter/Pdo/Abstract.php(238): Zend_Db_Adapter_Abstract->query('INSERT INTO "cl...', Array)
#3 /var/www/test/Encomiendas/library/Zend/Db/Adapter/Abstract.php(546): Zend_Db_Adapter_Pdo_Abstract->query('INSERT INTO "cl...', Array)
#4 /var/www/test/Encomiendas/library/Zend/Db/Table/Abstract.php(1056): Zend_Db_Adapter_Abstract->insert('cliente', Array)
#5 /var/www/test/Encomiendas/application/controllers/RecepcionController.php(155): Zend_Db_Table_Abstract->insert(Array)
#6 /var/www/test/Encomiendas/library/Zend/Controller/Action.php(513): RecepcionController->saveAction()
#7 /var/www/test/Encomiendas/library/Zend/Controller/Dispatcher/Standard.php(289): Zend_Controller_Action->dispatch('saveAction')
#8 /var/www/test/Encomiendas/library/Zend/Controller/Front.php(954): Zend_Controller_Dispatcher_Standard->dispatch(Object(Zend_Controller_Request_Http), Object(Zend_Controller_Response_Http))
#9 /var/www/test/Encomiendas/library/Zend/Application/Bootstrap/Bootstrap.php(97): Zend_Controller_Front->dispatch()
#10 /var/www/test/Encomiendas/library/Zend/Application.php(366): Zend_Application_Bootstrap_Bootstrap->run()
#11 /var/www/test/Encomiendas/public/index.php(26): Zend_Application->run()
#12 {main}
2021-01-13T21:43:28-04:00 INFO (6): Saving Corporate dataCoorporativo
2021-01-13T21:43:28-04:00 INFO (6): Finding by nit 8109654
2021-01-13T21:46:11-04:00 ERR (3): cliente select SELECT "cl"."id_cliente" AS "id", "cl"."nombre", "cl"."nit", "cl"."tipo", "cl"."deuda" FROM "cliente" AS "cl" ORDER BY "nombre" ASC LIMIT 20
2021-01-13T21:46:47-04:00 ERR (3): cliente select SELECT "cl"."id_cliente" AS "id", "cl"."nombre", "cl"."nit", "cl"."tipo", "cl"."deuda" FROM "cliente" AS "cl" WHERE (cl.tipo = 'Coorporativo') ORDER BY "nombre" ASC LIMIT 20
2021-01-13T21:47:19-04:00 ERR (3): exception 'PDOException' with message 'SQLSTATE[08P01]: <<Unknown error>>: 7 ERROR:  bind message supplies 0 parameters, but prepared statement "pdo_stmt_00000001" requires 1' in /var/www/test/Encomiendas/library/Zend/Db/Statement/Pdo.php:228
Stack trace:
#0 /var/www/test/Encomiendas/library/Zend/Db/Statement/Pdo.php(228): PDOStatement->execute(Array)
#1 /var/www/test/Encomiendas/library/Zend/Db/Statement.php(300): Zend_Db_Statement_Pdo->_execute(Array)
#2 /var/www/test/Encomiendas/library/Zend/Db/Adapter/Abstract.php(468): Zend_Db_Statement->execute(Array)
#3 /var/www/test/Encomiendas/library/Zend/Db/Adapter/Pdo/Abstract.php(238): Zend_Db_Adapter_Abstract->query(Object(Zend_Db_Select), Array)
#4 /var/www/test/Encomiendas/library/Zend/Db/Adapter/Abstract.php(725): Zend_Db_Adapter_Pdo_Abstract->query(Object(Zend_Db_Select), Array)
#5 /var/www/test/Encomiendas/application/models/EncomiendaModel.php(1318): Zend_Db_Adapter_Abstract->fetchRow(Object(Zend_Db_Select))
#6 /var/www/test/Encomiendas/application/models/Cliente.php(180): App_Model_EncomiendaModel->getByIds('["enc-100937"]')
#7 /var/www/test/Encomiendas/application/controllers/ClientController.php(58): App_Model_Cliente->payPackages('["enc-100937"]')
#8 /var/www/test/Encomiendas/library/Zend/Controller/Action.php(513): ClientController->payPackagesAction()
#9 /var/www/test/Encomiendas/library/Zend/Controller/Dispatcher/Standard.php(289): Zend_Controller_Action->dispatch('payPackagesActi...')
#10 /var/www/test/Encomiendas/library/Zend/Controller/Front.php(954): Zend_Controller_Dispatcher_Standard->dispatch(Object(Zend_Controller_Request_Http), Object(Zend_Controller_Response_Http))
#11 /var/www/test/Encomiendas/library/Zend/Application/Bootstrap/Bootstrap.php(97): Zend_Controller_Front->dispatch()
#12 /var/www/test/Encomiendas/library/Zend/Application.php(366): Zend_Application_Bootstrap_Bootstrap->run()
#13 /var/www/test/Encomiendas/public/index.php(26): Zend_Application->run()
#14 {main}

Next exception 'Zend_Db_Statement_Exception' with message 'SQLSTATE[08P01]: <<Unknown error>>: 7 ERROR:  bind message supplies 0 parameters, but prepared statement "pdo_stmt_00000001" requires 1' in /var/www/test/Encomiendas/library/Zend/Db/Statement/Pdo.php:234
Stack trace:
#0 /var/www/test/Encomiendas/library/Zend/Db/Statement.php(300): Zend_Db_Statement_Pdo->_execute(Array)
#1 /var/www/test/Encomiendas/library/Zend/Db/Adapter/Abstract.php(468): Zend_Db_Statement->execute(Array)
#2 /var/www/test/Encomiendas/library/Zend/Db/Adapter/Pdo/Abstract.php(238): Zend_Db_Adapter_Abstract->query(Object(Zend_Db_Select), Array)
#3 /var/www/test/Encomiendas/library/Zend/Db/Adapter/Abstract.php(725): Zend_Db_Adapter_Pdo_Abstract->query(Object(Zend_Db_Select), Array)
#4 /var/www/test/Encomiendas/application/models/EncomiendaModel.php(1318): Zend_Db_Adapter_Abstract->fetchRow(Object(Zend_Db_Select))
#5 /var/www/test/Encomiendas/application/models/Cliente.php(180): App_Model_EncomiendaModel->getByIds('["enc-100937"]')
#6 /var/www/test/Encomiendas/application/controllers/ClientController.php(58): App_Model_Cliente->payPackages('["enc-100937"]')
#7 /var/www/test/Encomiendas/library/Zend/Controller/Action.php(513): ClientController->payPackagesAction()
#8 /var/www/test/Encomiendas/library/Zend/Controller/Dispatcher/Standard.php(289): Zend_Controller_Action->dispatch('payPackagesActi...')
#9 /var/www/test/Encomiendas/library/Zend/Controller/Front.php(954): Zend_Controller_Dispatcher_Standard->dispatch(Object(Zend_Controller_Request_Http), Object(Zend_Controller_Response_Http))
#10 /var/www/test/Encomiendas/library/Zend/Application/Bootstrap/Bootstrap.php(97): Zend_Controller_Front->dispatch()
#11 /var/www/test/Encomiendas/library/Zend/Application.php(366): Zend_Application_Bootstrap_Bootstrap->run()
#12 /var/www/test/Encomiendas/public/index.php(26): Zend_Application->run()
#13 {main}
2021-01-13T21:49:23-04:00 ERR (3): exception 'PDOException' with message 'SQLSTATE[08P01]: <<Unknown error>>: 7 ERROR:  bind message supplies 0 parameters, but prepared statement "pdo_stmt_00000001" requires 1' in /var/www/test/Encomiendas/library/Zend/Db/Statement/Pdo.php:228
Stack trace:
#0 /var/www/test/Encomiendas/library/Zend/Db/Statement/Pdo.php(228): PDOStatement->execute(Array)
#1 /var/www/test/Encomiendas/library/Zend/Db/Statement.php(300): Zend_Db_Statement_Pdo->_execute(Array)
#2 /var/www/test/Encomiendas/library/Zend/Db/Adapter/Abstract.php(468): Zend_Db_Statement->execute(Array)
#3 /var/www/test/Encomiendas/library/Zend/Db/Adapter/Pdo/Abstract.php(238): Zend_Db_Adapter_Abstract->query(Object(Zend_Db_Select), Array)
#4 /var/www/test/Encomiendas/library/Zend/Db/Adapter/Abstract.php(725): Zend_Db_Adapter_Pdo_Abstract->query(Object(Zend_Db_Select), Array)
#5 /var/www/test/Encomiendas/application/models/EncomiendaModel.php(1318): Zend_Db_Adapter_Abstract->fetchRow(Object(Zend_Db_Select))
#6 /var/www/test/Encomiendas/application/models/Cliente.php(180): App_Model_EncomiendaModel->getByIds('["enc-100937"]')
#7 /var/www/test/Encomiendas/application/controllers/ClientController.php(58): App_Model_Cliente->payPackages('["enc-100937"]')
#8 /var/www/test/Encomiendas/library/Zend/Controller/Action.php(513): ClientController->payPackagesAction()
#9 /var/www/test/Encomiendas/library/Zend/Controller/Dispatcher/Standard.php(289): Zend_Controller_Action->dispatch('payPackagesActi...')
#10 /var/www/test/Encomiendas/library/Zend/Controller/Front.php(954): Zend_Controller_Dispatcher_Standard->dispatch(Object(Zend_Controller_Request_Http), Object(Zend_Controller_Response_Http))
#11 /var/www/test/Encomiendas/library/Zend/Application/Bootstrap/Bootstrap.php(97): Zend_Controller_Front->dispatch()
#12 /var/www/test/Encomiendas/library/Zend/Application.php(366): Zend_Application_Bootstrap_Bootstrap->run()
#13 /var/www/test/Encomiendas/public/index.php(26): Zend_Application->run()
#14 {main}

Next exception 'Zend_Db_Statement_Exception' with message 'SQLSTATE[08P01]: <<Unknown error>>: 7 ERROR:  bind message supplies 0 parameters, but prepared statement "pdo_stmt_00000001" requires 1' in /var/www/test/Encomiendas/library/Zend/Db/Statement/Pdo.php:234
Stack trace:
#0 /var/www/test/Encomiendas/library/Zend/Db/Statement.php(300): Zend_Db_Statement_Pdo->_execute(Array)
#1 /var/www/test/Encomiendas/library/Zend/Db/Adapter/Abstract.php(468): Zend_Db_Statement->execute(Array)
#2 /var/www/test/Encomiendas/library/Zend/Db/Adapter/Pdo/Abstract.php(238): Zend_Db_Adapter_Abstract->query(Object(Zend_Db_Select), Array)
#3 /var/www/test/Encomiendas/library/Zend/Db/Adapter/Abstract.php(725): Zend_Db_Adapter_Pdo_Abstract->query(Object(Zend_Db_Select), Array)
#4 /var/www/test/Encomiendas/application/models/EncomiendaModel.php(1318): Zend_Db_Adapter_Abstract->fetchRow(Object(Zend_Db_Select))
#5 /var/www/test/Encomiendas/application/models/Cliente.php(180): App_Model_EncomiendaModel->getByIds('["enc-100937"]')
#6 /var/www/test/Encomiendas/application/controllers/ClientController.php(58): App_Model_Cliente->payPackages('["enc-100937"]')
#7 /var/www/test/Encomiendas/library/Zend/Controller/Action.php(513): ClientController->payPackagesAction()
#8 /var/www/test/Encomiendas/library/Zend/Controller/Dispatcher/Standard.php(289): Zend_Controller_Action->dispatch('payPackagesActi...')
#9 /var/www/test/Encomiendas/library/Zend/Controller/Front.php(954): Zend_Controller_Dispatcher_Standard->dispatch(Object(Zend_Controller_Request_Http), Object(Zend_Controller_Response_Http))
#10 /var/www/test/Encomiendas/library/Zend/Application/Bootstrap/Bootstrap.php(97): Zend_Controller_Front->dispatch()
#11 /var/www/test/Encomiendas/library/Zend/Application.php(366): Zend_Application_Bootstrap_Bootstrap->run()
#12 /var/www/test/Encomiendas/public/index.php(26): Zend_Application->run()
#13 {main}
2021-01-13T21:53:31-04:00 ERR (3): cliente select SELECT "cl"."id_cliente" AS "id", "cl"."nombre", "cl"."nit", "cl"."tipo", "cl"."deuda" FROM "cliente" AS "cl" WHERE (cl.tipo = 'Coorporativo') ORDER BY "nombre" ASC LIMIT 20
