2021-01-17T07:22:46-04:00 ERR (3): exception 'PDOException' with message 'SQLSTATE[42601]: Syntax error: 7 ERROR:  syntax error at or near ")"
LINE 1: ...e".* FROM "cliente" WHERE (client_id=$1) AND (Array) LIMIT 1
                                                              ^' in /var/www/test/Encomiendas/library/Zend/Db/Statement/Pdo.php:228
Stack trace:
#0 /var/www/test/Encomiendas/library/Zend/Db/Statement/Pdo.php(228): PDOStatement->execute(Array)
#1 /var/www/test/Encomiendas/library/Zend/Db/Statement.php(300): Zend_Db_Statement_Pdo->_execute(Array)
#2 /var/www/test/Encomiendas/library/Zend/Db/Adapter/Abstract.php(468): Zend_Db_Statement->execute(Array)
#3 /var/www/test/Encomiendas/library/Zend/Db/Adapter/Pdo/Abstract.php(238): Zend_Db_Adapter_Abstract->query(Object(Zend_Db_Table_Select), Array)
#4 /var/www/test/Encomiendas/library/Zend/Db/Table/Abstract.php(1509): Zend_Db_Adapter_Pdo_Abstract->query(Object(Zend_Db_Table_Select))
#5 /var/www/test/Encomiendas/library/Zend/Db/Table/Abstract.php(1371): Zend_Db_Table_Abstract->_fetch(Object(Zend_Db_Table_Select))
#6 /var/www/test/Encomiendas/application/models/Cliente.php(180): Zend_Db_Table_Abstract->fetchRow(Array)
#7 /var/www/test/Encomiendas/application/controllers/ClientController.php(58): App_Model_Cliente->payPackages(Array)
#8 /var/www/test/Encomiendas/library/Zend/Controller/Action.php(513): ClientController->payPackagesAction()
#9 /var/www/test/Encomiendas/library/Zend/Controller/Dispatcher/Standard.php(289): Zend_Controller_Action->dispatch('payPackagesActi...')
#10 /var/www/test/Encomiendas/library/Zend/Controller/Front.php(954): Zend_Controller_Dispatcher_Standard->dispatch(Object(Zend_Controller_Request_Http), Object(Zend_Controller_Response_Http))
#11 /var/www/test/Encomiendas/library/Zend/Application/Bootstrap/Bootstrap.php(97): Zend_Controller_Front->dispatch()
#12 /var/www/test/Encomiendas/library/Zend/Application.php(366): Zend_Application_Bootstrap_Bootstrap->run()
#13 /var/www/test/Encomiendas/public/index.php(26): Zend_Application->run()
#14 {main}

Next exception 'Zend_Db_Statement_Exception' with message 'SQLSTATE[42601]: Syntax error: 7 ERROR:  syntax error at or near ")"
LINE 1: ...e".* FROM "cliente" WHERE (client_id=$1) AND (Array) LIMIT 1
                                                              ^' in /var/www/test/Encomiendas/library/Zend/Db/Statement/Pdo.php:234
Stack trace:
#0 /var/www/test/Encomiendas/library/Zend/Db/Statement.php(300): Zend_Db_Statement_Pdo->_execute(Array)
#1 /var/www/test/Encomiendas/library/Zend/Db/Adapter/Abstract.php(468): Zend_Db_Statement->execute(Array)
#2 /var/www/test/Encomiendas/library/Zend/Db/Adapter/Pdo/Abstract.php(238): Zend_Db_Adapter_Abstract->query(Object(Zend_Db_Table_Select), Array)
#3 /var/www/test/Encomiendas/library/Zend/Db/Table/Abstract.php(1509): Zend_Db_Adapter_Pdo_Abstract->query(Object(Zend_Db_Table_Select))
#4 /var/www/test/Encomiendas/library/Zend/Db/Table/Abstract.php(1371): Zend_Db_Table_Abstract->_fetch(Object(Zend_Db_Table_Select))
#5 /var/www/test/Encomiendas/application/models/Cliente.php(180): Zend_Db_Table_Abstract->fetchRow(Array)
#6 /var/www/test/Encomiendas/application/controllers/ClientController.php(58): App_Model_Cliente->payPackages(Array)
#7 /var/www/test/Encomiendas/library/Zend/Controller/Action.php(513): ClientController->payPackagesAction()
#8 /var/www/test/Encomiendas/library/Zend/Controller/Dispatcher/Standard.php(289): Zend_Controller_Action->dispatch('payPackagesActi...')
#9 /var/www/test/Encomiendas/library/Zend/Controller/Front.php(954): Zend_Controller_Dispatcher_Standard->dispatch(Object(Zend_Controller_Request_Http), Object(Zend_Controller_Response_Http))
#10 /var/www/test/Encomiendas/library/Zend/Application/Bootstrap/Bootstrap.php(97): Zend_Controller_Front->dispatch()
#11 /var/www/test/Encomiendas/library/Zend/Application.php(366): Zend_Application_Bootstrap_Bootstrap->run()
#12 /var/www/test/Encomiendas/public/index.php(26): Zend_Application->run()
#13 {main}
2021-01-17T07:23:33-04:00 ERR (3): exception 'PDOException' with message 'SQLSTATE[42601]: Syntax error: 7 ERROR:  syntax error at or near ")"
LINE 1: ...liente".* FROM "cliente" WHERE (client_id=$1) AND () LIMIT 1
                                                              ^' in /var/www/test/Encomiendas/library/Zend/Db/Statement/Pdo.php:228
Stack trace:
#0 /var/www/test/Encomiendas/library/Zend/Db/Statement/Pdo.php(228): PDOStatement->execute(Array)
#1 /var/www/test/Encomiendas/library/Zend/Db/Statement.php(300): Zend_Db_Statement_Pdo->_execute(Array)
#2 /var/www/test/Encomiendas/library/Zend/Db/Adapter/Abstract.php(468): Zend_Db_Statement->execute(Array)
#3 /var/www/test/Encomiendas/library/Zend/Db/Adapter/Pdo/Abstract.php(238): Zend_Db_Adapter_Abstract->query(Object(Zend_Db_Table_Select), Array)
#4 /var/www/test/Encomiendas/library/Zend/Db/Table/Abstract.php(1509): Zend_Db_Adapter_Pdo_Abstract->query(Object(Zend_Db_Table_Select))
#5 /var/www/test/Encomiendas/library/Zend/Db/Table/Abstract.php(1371): Zend_Db_Table_Abstract->_fetch(Object(Zend_Db_Table_Select))
#6 /var/www/test/Encomiendas/application/models/Cliente.php(180): Zend_Db_Table_Abstract->fetchRow(Array)
#7 /var/www/test/Encomiendas/application/controllers/ClientController.php(58): App_Model_Cliente->payPackages(NULL, Array)
#8 /var/www/test/Encomiendas/library/Zend/Controller/Action.php(513): ClientController->payPackagesAction()
#9 /var/www/test/Encomiendas/library/Zend/Controller/Dispatcher/Standard.php(289): Zend_Controller_Action->dispatch('payPackagesActi...')
#10 /var/www/test/Encomiendas/library/Zend/Controller/Front.php(954): Zend_Controller_Dispatcher_Standard->dispatch(Object(Zend_Controller_Request_Http), Object(Zend_Controller_Response_Http))
#11 /var/www/test/Encomiendas/library/Zend/Application/Bootstrap/Bootstrap.php(97): Zend_Controller_Front->dispatch()
#12 /var/www/test/Encomiendas/library/Zend/Application.php(366): Zend_Application_Bootstrap_Bootstrap->run()
#13 /var/www/test/Encomiendas/public/index.php(26): Zend_Application->run()
#14 {main}

Next exception 'Zend_Db_Statement_Exception' with message 'SQLSTATE[42601]: Syntax error: 7 ERROR:  syntax error at or near ")"
LINE 1: ...liente".* FROM "cliente" WHERE (client_id=$1) AND () LIMIT 1
                                                              ^' in /var/www/test/Encomiendas/library/Zend/Db/Statement/Pdo.php:234
Stack trace:
#0 /var/www/test/Encomiendas/library/Zend/Db/Statement.php(300): Zend_Db_Statement_Pdo->_execute(Array)
#1 /var/www/test/Encomiendas/library/Zend/Db/Adapter/Abstract.php(468): Zend_Db_Statement->execute(Array)
#2 /var/www/test/Encomiendas/library/Zend/Db/Adapter/Pdo/Abstract.php(238): Zend_Db_Adapter_Abstract->query(Object(Zend_Db_Table_Select), Array)
#3 /var/www/test/Encomiendas/library/Zend/Db/Table/Abstract.php(1509): Zend_Db_Adapter_Pdo_Abstract->query(Object(Zend_Db_Table_Select))
#4 /var/www/test/Encomiendas/library/Zend/Db/Table/Abstract.php(1371): Zend_Db_Table_Abstract->_fetch(Object(Zend_Db_Table_Select))
#5 /var/www/test/Encomiendas/application/models/Cliente.php(180): Zend_Db_Table_Abstract->fetchRow(Array)
#6 /var/www/test/Encomiendas/application/controllers/ClientController.php(58): App_Model_Cliente->payPackages(NULL, Array)
#7 /var/www/test/Encomiendas/library/Zend/Controller/Action.php(513): ClientController->payPackagesAction()
#8 /var/www/test/Encomiendas/library/Zend/Controller/Dispatcher/Standard.php(289): Zend_Controller_Action->dispatch('payPackagesActi...')
#9 /var/www/test/Encomiendas/library/Zend/Controller/Front.php(954): Zend_Controller_Dispatcher_Standard->dispatch(Object(Zend_Controller_Request_Http), Object(Zend_Controller_Response_Http))
#10 /var/www/test/Encomiendas/library/Zend/Application/Bootstrap/Bootstrap.php(97): Zend_Controller_Front->dispatch()
#11 /var/www/test/Encomiendas/library/Zend/Application.php(366): Zend_Application_Bootstrap_Bootstrap->run()
#12 /var/www/test/Encomiendas/public/index.php(26): Zend_Application->run()
#13 {main}
2021-01-17T07:24:55-04:00 ERR (3): exception 'PDOException' with message 'SQLSTATE[42703]: Undefined column: 7 ERROR:  column "client_id" does not exist
LINE 1: SELECT "cliente".* FROM "cliente" WHERE (client_id=$1) AND (...
                                                 ^' in /var/www/test/Encomiendas/library/Zend/Db/Statement/Pdo.php:228
Stack trace:
#0 /var/www/test/Encomiendas/library/Zend/Db/Statement/Pdo.php(228): PDOStatement->execute(Array)
#1 /var/www/test/Encomiendas/library/Zend/Db/Statement.php(300): Zend_Db_Statement_Pdo->_execute(Array)
#2 /var/www/test/Encomiendas/library/Zend/Db/Adapter/Abstract.php(468): Zend_Db_Statement->execute(Array)
#3 /var/www/test/Encomiendas/library/Zend/Db/Adapter/Pdo/Abstract.php(238): Zend_Db_Adapter_Abstract->query(Object(Zend_Db_Table_Select), Array)
#4 /var/www/test/Encomiendas/library/Zend/Db/Table/Abstract.php(1509): Zend_Db_Adapter_Pdo_Abstract->query(Object(Zend_Db_Table_Select))
#5 /var/www/test/Encomiendas/library/Zend/Db/Table/Abstract.php(1371): Zend_Db_Table_Abstract->_fetch(Object(Zend_Db_Table_Select))
#6 /var/www/test/Encomiendas/application/models/Cliente.php(180): Zend_Db_Table_Abstract->fetchRow(Array)
#7 /var/www/test/Encomiendas/application/controllers/ClientController.php(58): App_Model_Cliente->payPackages('cli-104', Array)
#8 /var/www/test/Encomiendas/library/Zend/Controller/Action.php(513): ClientController->payPackagesAction()
#9 /var/www/test/Encomiendas/library/Zend/Controller/Dispatcher/Standard.php(289): Zend_Controller_Action->dispatch('payPackagesActi...')
#10 /var/www/test/Encomiendas/library/Zend/Controller/Front.php(954): Zend_Controller_Dispatcher_Standard->dispatch(Object(Zend_Controller_Request_Http), Object(Zend_Controller_Response_Http))
#11 /var/www/test/Encomiendas/library/Zend/Application/Bootstrap/Bootstrap.php(97): Zend_Controller_Front->dispatch()
#12 /var/www/test/Encomiendas/library/Zend/Application.php(366): Zend_Application_Bootstrap_Bootstrap->run()
#13 /var/www/test/Encomiendas/public/index.php(26): Zend_Application->run()
#14 {main}

Next exception 'Zend_Db_Statement_Exception' with message 'SQLSTATE[42703]: Undefined column: 7 ERROR:  column "client_id" does not exist
LINE 1: SELECT "cliente".* FROM "cliente" WHERE (client_id=$1) AND (...
                                                 ^' in /var/www/test/Encomiendas/library/Zend/Db/Statement/Pdo.php:234
Stack trace:
#0 /var/www/test/Encomiendas/library/Zend/Db/Statement.php(300): Zend_Db_Statement_Pdo->_execute(Array)
#1 /var/www/test/Encomiendas/library/Zend/Db/Adapter/Abstract.php(468): Zend_Db_Statement->execute(Array)
#2 /var/www/test/Encomiendas/library/Zend/Db/Adapter/Pdo/Abstract.php(238): Zend_Db_Adapter_Abstract->query(Object(Zend_Db_Table_Select), Array)
#3 /var/www/test/Encomiendas/library/Zend/Db/Table/Abstract.php(1509): Zend_Db_Adapter_Pdo_Abstract->query(Object(Zend_Db_Table_Select))
#4 /var/www/test/Encomiendas/library/Zend/Db/Table/Abstract.php(1371): Zend_Db_Table_Abstract->_fetch(Object(Zend_Db_Table_Select))
#5 /var/www/test/Encomiendas/application/models/Cliente.php(180): Zend_Db_Table_Abstract->fetchRow(Array)
#6 /var/www/test/Encomiendas/application/controllers/ClientController.php(58): App_Model_Cliente->payPackages('cli-104', Array)
#7 /var/www/test/Encomiendas/library/Zend/Controller/Action.php(513): ClientController->payPackagesAction()
#8 /var/www/test/Encomiendas/library/Zend/Controller/Dispatcher/Standard.php(289): Zend_Controller_Action->dispatch('payPackagesActi...')
#9 /var/www/test/Encomiendas/library/Zend/Controller/Front.php(954): Zend_Controller_Dispatcher_Standard->dispatch(Object(Zend_Controller_Request_Http), Object(Zend_Controller_Response_Http))
#10 /var/www/test/Encomiendas/library/Zend/Application/Bootstrap/Bootstrap.php(97): Zend_Controller_Front->dispatch()
#11 /var/www/test/Encomiendas/library/Zend/Application.php(366): Zend_Application_Bootstrap_Bootstrap->run()
#12 /var/www/test/Encomiendas/public/index.php(26): Zend_Application->run()
#13 {main}
2021-01-17T07:26:01-04:00 ERR (3): exception 'PDOException' with message 'SQLSTATE[42703]: Undefined column: 7 ERROR:  column "id_client" does not exist
LINE 1: SELECT "cliente".* FROM "cliente" WHERE (id_client=$1) AND (...
                                                 ^' in /var/www/test/Encomiendas/library/Zend/Db/Statement/Pdo.php:228
Stack trace:
#0 /var/www/test/Encomiendas/library/Zend/Db/Statement/Pdo.php(228): PDOStatement->execute(Array)
#1 /var/www/test/Encomiendas/library/Zend/Db/Statement.php(300): Zend_Db_Statement_Pdo->_execute(Array)
#2 /var/www/test/Encomiendas/library/Zend/Db/Adapter/Abstract.php(468): Zend_Db_Statement->execute(Array)
#3 /var/www/test/Encomiendas/library/Zend/Db/Adapter/Pdo/Abstract.php(238): Zend_Db_Adapter_Abstract->query(Object(Zend_Db_Table_Select), Array)
#4 /var/www/test/Encomiendas/library/Zend/Db/Table/Abstract.php(1509): Zend_Db_Adapter_Pdo_Abstract->query(Object(Zend_Db_Table_Select))
#5 /var/www/test/Encomiendas/library/Zend/Db/Table/Abstract.php(1371): Zend_Db_Table_Abstract->_fetch(Object(Zend_Db_Table_Select))
#6 /var/www/test/Encomiendas/application/models/Cliente.php(180): Zend_Db_Table_Abstract->fetchRow(Array)
#7 /var/www/test/Encomiendas/application/controllers/ClientController.php(58): App_Model_Cliente->payPackages('cli-104', Array)
#8 /var/www/test/Encomiendas/library/Zend/Controller/Action.php(513): ClientController->payPackagesAction()
#9 /var/www/test/Encomiendas/library/Zend/Controller/Dispatcher/Standard.php(289): Zend_Controller_Action->dispatch('payPackagesActi...')
#10 /var/www/test/Encomiendas/library/Zend/Controller/Front.php(954): Zend_Controller_Dispatcher_Standard->dispatch(Object(Zend_Controller_Request_Http), Object(Zend_Controller_Response_Http))
#11 /var/www/test/Encomiendas/library/Zend/Application/Bootstrap/Bootstrap.php(97): Zend_Controller_Front->dispatch()
#12 /var/www/test/Encomiendas/library/Zend/Application.php(366): Zend_Application_Bootstrap_Bootstrap->run()
#13 /var/www/test/Encomiendas/public/index.php(26): Zend_Application->run()
#14 {main}

Next exception 'Zend_Db_Statement_Exception' with message 'SQLSTATE[42703]: Undefined column: 7 ERROR:  column "id_client" does not exist
LINE 1: SELECT "cliente".* FROM "cliente" WHERE (id_client=$1) AND (...
                                                 ^' in /var/www/test/Encomiendas/library/Zend/Db/Statement/Pdo.php:234
Stack trace:
#0 /var/www/test/Encomiendas/library/Zend/Db/Statement.php(300): Zend_Db_Statement_Pdo->_execute(Array)
#1 /var/www/test/Encomiendas/library/Zend/Db/Adapter/Abstract.php(468): Zend_Db_Statement->execute(Array)
#2 /var/www/test/Encomiendas/library/Zend/Db/Adapter/Pdo/Abstract.php(238): Zend_Db_Adapter_Abstract->query(Object(Zend_Db_Table_Select), Array)
#3 /var/www/test/Encomiendas/library/Zend/Db/Table/Abstract.php(1509): Zend_Db_Adapter_Pdo_Abstract->query(Object(Zend_Db_Table_Select))
#4 /var/www/test/Encomiendas/library/Zend/Db/Table/Abstract.php(1371): Zend_Db_Table_Abstract->_fetch(Object(Zend_Db_Table_Select))
#5 /var/www/test/Encomiendas/application/models/Cliente.php(180): Zend_Db_Table_Abstract->fetchRow(Array)
#6 /var/www/test/Encomiendas/application/controllers/ClientController.php(58): App_Model_Cliente->payPackages('cli-104', Array)
#7 /var/www/test/Encomiendas/library/Zend/Controller/Action.php(513): ClientController->payPackagesAction()
#8 /var/www/test/Encomiendas/library/Zend/Controller/Dispatcher/Standard.php(289): Zend_Controller_Action->dispatch('payPackagesActi...')
#9 /var/www/test/Encomiendas/library/Zend/Controller/Front.php(954): Zend_Controller_Dispatcher_Standard->dispatch(Object(Zend_Controller_Request_Http), Object(Zend_Controller_Response_Http))
#10 /var/www/test/Encomiendas/library/Zend/Application/Bootstrap/Bootstrap.php(97): Zend_Controller_Front->dispatch()
#11 /var/www/test/Encomiendas/library/Zend/Application.php(366): Zend_Application_Bootstrap_Bootstrap->run()
#12 /var/www/test/Encomiendas/public/index.php(26): Zend_Application->run()
#13 {main}
2021-01-17T07:26:37-04:00 ERR (3): exception 'PDOException' with message 'SQLSTATE[42703]: Undefined column: 7 ERROR:  column "cli" does not exist
LINE 1: ...ente".* FROM "cliente" WHERE (id_cliente=$1) AND (cli-104) L...
                                                             ^' in /var/www/test/Encomiendas/library/Zend/Db/Statement/Pdo.php:228
Stack trace:
#0 /var/www/test/Encomiendas/library/Zend/Db/Statement/Pdo.php(228): PDOStatement->execute(Array)
#1 /var/www/test/Encomiendas/library/Zend/Db/Statement.php(300): Zend_Db_Statement_Pdo->_execute(Array)
#2 /var/www/test/Encomiendas/library/Zend/Db/Adapter/Abstract.php(468): Zend_Db_Statement->execute(Array)
#3 /var/www/test/Encomiendas/library/Zend/Db/Adapter/Pdo/Abstract.php(238): Zend_Db_Adapter_Abstract->query(Object(Zend_Db_Table_Select), Array)
#4 /var/www/test/Encomiendas/library/Zend/Db/Table/Abstract.php(1509): Zend_Db_Adapter_Pdo_Abstract->query(Object(Zend_Db_Table_Select))
#5 /var/www/test/Encomiendas/library/Zend/Db/Table/Abstract.php(1371): Zend_Db_Table_Abstract->_fetch(Object(Zend_Db_Table_Select))
#6 /var/www/test/Encomiendas/application/models/Cliente.php(180): Zend_Db_Table_Abstract->fetchRow(Array)
#7 /var/www/test/Encomiendas/application/controllers/ClientController.php(58): App_Model_Cliente->payPackages('cli-104', Array)
#8 /var/www/test/Encomiendas/library/Zend/Controller/Action.php(513): ClientController->payPackagesAction()
#9 /var/www/test/Encomiendas/library/Zend/Controller/Dispatcher/Standard.php(289): Zend_Controller_Action->dispatch('payPackagesActi...')
#10 /var/www/test/Encomiendas/library/Zend/Controller/Front.php(954): Zend_Controller_Dispatcher_Standard->dispatch(Object(Zend_Controller_Request_Http), Object(Zend_Controller_Response_Http))
#11 /var/www/test/Encomiendas/library/Zend/Application/Bootstrap/Bootstrap.php(97): Zend_Controller_Front->dispatch()
#12 /var/www/test/Encomiendas/library/Zend/Application.php(366): Zend_Application_Bootstrap_Bootstrap->run()
#13 /var/www/test/Encomiendas/public/index.php(26): Zend_Application->run()
#14 {main}

Next exception 'Zend_Db_Statement_Exception' with message 'SQLSTATE[42703]: Undefined column: 7 ERROR:  column "cli" does not exist
LINE 1: ...ente".* FROM "cliente" WHERE (id_cliente=$1) AND (cli-104) L...
                                                             ^' in /var/www/test/Encomiendas/library/Zend/Db/Statement/Pdo.php:234
Stack trace:
#0 /var/www/test/Encomiendas/library/Zend/Db/Statement.php(300): Zend_Db_Statement_Pdo->_execute(Array)
#1 /var/www/test/Encomiendas/library/Zend/Db/Adapter/Abstract.php(468): Zend_Db_Statement->execute(Array)
#2 /var/www/test/Encomiendas/library/Zend/Db/Adapter/Pdo/Abstract.php(238): Zend_Db_Adapter_Abstract->query(Object(Zend_Db_Table_Select), Array)
#3 /var/www/test/Encomiendas/library/Zend/Db/Table/Abstract.php(1509): Zend_Db_Adapter_Pdo_Abstract->query(Object(Zend_Db_Table_Select))
#4 /var/www/test/Encomiendas/library/Zend/Db/Table/Abstract.php(1371): Zend_Db_Table_Abstract->_fetch(Object(Zend_Db_Table_Select))
#5 /var/www/test/Encomiendas/application/models/Cliente.php(180): Zend_Db_Table_Abstract->fetchRow(Array)
#6 /var/www/test/Encomiendas/application/controllers/ClientController.php(58): App_Model_Cliente->payPackages('cli-104', Array)
#7 /var/www/test/Encomiendas/library/Zend/Controller/Action.php(513): ClientController->payPackagesAction()
#8 /var/www/test/Encomiendas/library/Zend/Controller/Dispatcher/Standard.php(289): Zend_Controller_Action->dispatch('payPackagesActi...')
#9 /var/www/test/Encomiendas/library/Zend/Controller/Front.php(954): Zend_Controller_Dispatcher_Standard->dispatch(Object(Zend_Controller_Request_Http), Object(Zend_Controller_Response_Http))
#10 /var/www/test/Encomiendas/library/Zend/Application/Bootstrap/Bootstrap.php(97): Zend_Controller_Front->dispatch()
#11 /var/www/test/Encomiendas/library/Zend/Application.php(366): Zend_Application_Bootstrap_Bootstrap->run()
#12 /var/www/test/Encomiendas/public/index.php(26): Zend_Application->run()
#13 {main}
2021-01-17T07:27:28-04:00 ERR (3): exception 'PDOException' with message 'SQLSTATE[42703]: Undefined column: 7 ERROR:  column "cli" does not exist
LINE 1: ...nte".* FROM "cliente" WHERE (id_cliente='?') AND (cli-104) L...
                                                             ^' in /var/www/test/Encomiendas/library/Zend/Db/Statement/Pdo.php:228
Stack trace:
#0 /var/www/test/Encomiendas/library/Zend/Db/Statement/Pdo.php(228): PDOStatement->execute(Array)
#1 /var/www/test/Encomiendas/library/Zend/Db/Statement.php(300): Zend_Db_Statement_Pdo->_execute(Array)
#2 /var/www/test/Encomiendas/library/Zend/Db/Adapter/Abstract.php(468): Zend_Db_Statement->execute(Array)
#3 /var/www/test/Encomiendas/library/Zend/Db/Adapter/Pdo/Abstract.php(238): Zend_Db_Adapter_Abstract->query(Object(Zend_Db_Table_Select), Array)
#4 /var/www/test/Encomiendas/library/Zend/Db/Table/Abstract.php(1509): Zend_Db_Adapter_Pdo_Abstract->query(Object(Zend_Db_Table_Select))
#5 /var/www/test/Encomiendas/library/Zend/Db/Table/Abstract.php(1371): Zend_Db_Table_Abstract->_fetch(Object(Zend_Db_Table_Select))
#6 /var/www/test/Encomiendas/application/models/Cliente.php(180): Zend_Db_Table_Abstract->fetchRow(Array)
#7 /var/www/test/Encomiendas/application/controllers/ClientController.php(58): App_Model_Cliente->payPackages('cli-104', Array)
#8 /var/www/test/Encomiendas/library/Zend/Controller/Action.php(513): ClientController->payPackagesAction()
#9 /var/www/test/Encomiendas/library/Zend/Controller/Dispatcher/Standard.php(289): Zend_Controller_Action->dispatch('payPackagesActi...')
#10 /var/www/test/Encomiendas/library/Zend/Controller/Front.php(954): Zend_Controller_Dispatcher_Standard->dispatch(Object(Zend_Controller_Request_Http), Object(Zend_Controller_Response_Http))
#11 /var/www/test/Encomiendas/library/Zend/Application/Bootstrap/Bootstrap.php(97): Zend_Controller_Front->dispatch()
#12 /var/www/test/Encomiendas/library/Zend/Application.php(366): Zend_Application_Bootstrap_Bootstrap->run()
#13 /var/www/test/Encomiendas/public/index.php(26): Zend_Application->run()
#14 {main}

Next exception 'Zend_Db_Statement_Exception' with message 'SQLSTATE[42703]: Undefined column: 7 ERROR:  column "cli" does not exist
LINE 1: ...nte".* FROM "cliente" WHERE (id_cliente='?') AND (cli-104) L...
                                                             ^' in /var/www/test/Encomiendas/library/Zend/Db/Statement/Pdo.php:234
Stack trace:
#0 /var/www/test/Encomiendas/library/Zend/Db/Statement.php(300): Zend_Db_Statement_Pdo->_execute(Array)
#1 /var/www/test/Encomiendas/library/Zend/Db/Adapter/Abstract.php(468): Zend_Db_Statement->execute(Array)
#2 /var/www/test/Encomiendas/library/Zend/Db/Adapter/Pdo/Abstract.php(238): Zend_Db_Adapter_Abstract->query(Object(Zend_Db_Table_Select), Array)
#3 /var/www/test/Encomiendas/library/Zend/Db/Table/Abstract.php(1509): Zend_Db_Adapter_Pdo_Abstract->query(Object(Zend_Db_Table_Select))
#4 /var/www/test/Encomiendas/library/Zend/Db/Table/Abstract.php(1371): Zend_Db_Table_Abstract->_fetch(Object(Zend_Db_Table_Select))
#5 /var/www/test/Encomiendas/application/models/Cliente.php(180): Zend_Db_Table_Abstract->fetchRow(Array)
#6 /var/www/test/Encomiendas/application/controllers/ClientController.php(58): App_Model_Cliente->payPackages('cli-104', Array)
#7 /var/www/test/Encomiendas/library/Zend/Controller/Action.php(513): ClientController->payPackagesAction()
#8 /var/www/test/Encomiendas/library/Zend/Controller/Dispatcher/Standard.php(289): Zend_Controller_Action->dispatch('payPackagesActi...')
#9 /var/www/test/Encomiendas/library/Zend/Controller/Front.php(954): Zend_Controller_Dispatcher_Standard->dispatch(Object(Zend_Controller_Request_Http), Object(Zend_Controller_Response_Http))
#10 /var/www/test/Encomiendas/library/Zend/Application/Bootstrap/Bootstrap.php(97): Zend_Controller_Front->dispatch()
#11 /var/www/test/Encomiendas/library/Zend/Application.php(366): Zend_Application_Bootstrap_Bootstrap->run()
#12 /var/www/test/Encomiendas/public/index.php(26): Zend_Application->run()
#13 {main}
